#
# A fatal error has been detected by the Java Runtime Environment:
#
#  EXCEPTION_ACCESS_VIOLATION (0xc0000005) at pc=0x000000005e5b7a54, pid=2708, tid=12160
#
# JRE version: Java(TM) SE Runtime Environment (9.0+11) (build 9.0.4+11)
# Java VM: Java HotSpot(TM) 64-Bit Server VM (9.0.4+11, mixed mode, tiered, compressed oops, g1 gc, windows-amd64)
# Problematic frame:
# V  [jvm.dll+0x217a54]
#
# No core dump will be written. Minidumps are not enabled by default on client versions of Windows
#
# If you would like to submit a bug report, please visit:
#   http://bugreport.java.com/bugreport/crash.jsp
#

---------------  S U M M A R Y ------------

Command Line: -agentlib:jdwp=transport=dt_socket,address=127.0.0.1:55278,suspend=y,server=n -ea -Didea.test.cyclic.buffer.size=1048576 -javaagent:C:\Users\Krzys\.IntelliJIdea2017.3\system\captureAgent\debugger-agent.jar=C:\Users\Krzys\AppData\Local\Temp\capture99.props -Dfile.encoding=UTF-8 com.intellij.rt.execution.junit.JUnitStarter -ideVersion5 -junit5 pl.kszafran.sda.algo.exercises.Exercises2Test,testSelectionSort

Host: Intel(R) Core(TM) i7-3630QM CPU @ 2.40GHz, 8 cores, 7G,  Windows 10 , 64 bit Build 16299 (10.0.16299.15)
Time: Thu May 03 02:18:22 2018 ?rodkowoeuropejski czas letni elapsed time: 75 seconds (0d 0h 1m 15s)

---------------  T H R E A D  ---------------

Current thread (0x000001c65a199000):  VMThread "VM Thread" [stack: 0x000000778c600000,0x000000778c700000] [id=12160]

Stack: [0x000000778c600000,0x000000778c700000],  sp=0x000000778c6ff088,  free space=1020k
Native frames: (J=compiled Java code, j=interpreted, Vv=VM code, C=native code)
V  [jvm.dll+0x217a54]


siginfo: EXCEPTION_ACCESS_VIOLATION (0xc0000005), reading address 0x000001c65b35f318


Register to memory mapping:

RIP=0x000000005e5b7a54 jvm.dll
RAX=0x0000000000194020 is an unknown value
RBX=0x000001c65b1caf78 is pointing into metadata
RCX=0x000001c65b1cb2e8 is pointing into metadata
RDX=0x000000000000ca01 is an unknown value
RSP=0x000000778c6ff088 is an unknown value
RBP=0x0000000000000001 is an unknown value
RSI=0x000000778c6ff340 is an unknown value
RDI=0x000000778c6ff340 is an unknown value
R8 =0x0000000000000000 is an unknown value
R9 =0x000001c65b1caf78 is pointing into metadata
R10=0x000001c636607e10 is an unknown value
R11=0x000001c636607db0 is an unknown value
R12=0x000000778c6ff501 is an unknown value
R13=0x0000000000000000 is an unknown value
R14=0x0000000000000001 is an unknown value
R15=0x0000000000000050 is an unknown value


Registers:
RAX=0x0000000000194020, RBX=0x000001c65b1caf78, RCX=0x000001c65b1cb2e8, RDX=0x000000000000ca01
RSP=0x000000778c6ff088, RBP=0x0000000000000001, RSI=0x000000778c6ff340, RDI=0x000000778c6ff340
R8 =0x0000000000000000, R9 =0x000001c65b1caf78, R10=0x000001c636607e10, R11=0x000001c636607db0
R12=0x000000778c6ff501, R13=0x0000000000000000, R14=0x0000000000000001, R15=0x0000000000000050
RIP=0x000000005e5b7a54, EFLAGS=0x0000000000010202

Top of Stack: (sp=0x000000778c6ff088)
0x000000778c6ff088:   000000005e693c73 000000778c6ff280
0x000000778c6ff098:   000000778c6ff0f0 000001c636607d38
0x000000778c6ff0a8:   000000005e69730b 000000778c6ff340
0x000000778c6ff0b8:   000001c636607d60 0000000000000000
0x000000778c6ff0c8:   000000005e69782f 00006d94645765df
0x000000778c6ff0d8:   000000005e696a16 0000000000000002
0x000000778c6ff0e8:   000000778c6ff180 000000778c6ff340
0x000000778c6ff0f8:   000000005e695fe0 000000778c6ff340
0x000000778c6ff108:   0000000000000008 0000000000000001
0x000000778c6ff118:   000000778c6ff340 0000000000000008
0x000000778c6ff128:   0000000000000001 0000000000000050
0x000000778c6ff138:   0000000000000015 000001c636607d60
0x000000778c6ff148:   000000005e69666e 000000778c6ff340
0x000000778c6ff158:   000000778c6ff1b0 0000000000000002
0x000000778c6ff168:   000001c636607d60 0000000000006000
0x000000778c6ff178:   000000005e698571 000001c65b1cb250 

Instructions: (pc=0x000000005e5b7a54)
0x000000005e5b7a34:   18 f7 d2 48 63 c2 48 c1 e0 05 48 8b 44 08 10 0f
0x000000005e5b7a44:   b7 c0 41 0f b7 44 c1 4a c3 48 63 c2 48 c1 e0 05
0x000000005e5b7a54:   48 8b 44 08 10 0f b7 d0 48 63 c2 41 0f b7 44 c1
0x000000005e5b7a64:   4a c3 49 8b 41 08 48 63 ca 0f b6 44 08 04 3c 12 


VM_Operation (0x000000778d2ff370): GetOrSetLocal, mode: safepoint, requested by thread 0x000001c65a6fa000


---------------  P R O C E S S  ---------------

Java Threads: ( => current thread )
  0x000001c65a790000 JavaThread "Service Thread" daemon [_thread_blocked, id=6284, stack(0x000000778d500000,0x000000778d600000)]
  0x000001c65a6fb800 JavaThread "JDWP Command Reader" daemon [_thread_in_native, id=15740, stack(0x000000778d400000,0x000000778d500000)]
  0x000001c65a6fa800 JavaThread "JDWP Event Helper Thread" daemon [_thread_blocked, id=8276, stack(0x000000778d300000,0x000000778d400000)]
  0x000001c65a6fa000 JavaThread "JDWP Transport Listener: dt_socket" daemon [_thread_blocked, id=3708, stack(0x000000778d200000,0x000000778d300000)]
  0x000001c65a28b800 JavaThread "Common-Cleaner" daemon [_thread_blocked, id=16016, stack(0x000000778d100000,0x000000778d200000)]
  0x000001c65a25b800 JavaThread "Sweeper thread" daemon [_thread_blocked, id=11984, stack(0x000000778d000000,0x000000778d100000)]
  0x000001c65a253000 JavaThread "C1 CompilerThread3" daemon [_thread_blocked, id=15168, stack(0x000000778cf00000,0x000000778d000000)]
  0x000001c65a250000 JavaThread "C2 CompilerThread2" daemon [_thread_blocked, id=188, stack(0x000000778ce00000,0x000000778cf00000)]
  0x000001c65a205000 JavaThread "C2 CompilerThread1" daemon [_thread_blocked, id=12412, stack(0x000000778cd00000,0x000000778ce00000)]
  0x000001c65a204000 JavaThread "C2 CompilerThread0" daemon [_thread_blocked, id=2528, stack(0x000000778cc00000,0x000000778cd00000)]
  0x000001c65a1ff800 JavaThread "Attach Listener" daemon [_thread_blocked, id=9476, stack(0x000000778cb00000,0x000000778cc00000)]
  0x000001c65a1fc800 JavaThread "Signal Dispatcher" daemon [_thread_blocked, id=9856, stack(0x000000778ca00000,0x000000778cb00000)]
  0x000001c65a1a5800 JavaThread "Finalizer" daemon [_thread_blocked, id=15960, stack(0x000000778c800000,0x000000778c900000)]
  0x000001c65a19d000 JavaThread "Reference Handler" daemon [_thread_blocked, id=12168, stack(0x000000778c700000,0x000000778c800000)]
  0x000001c6365a7800 JavaThread "main" [_thread_blocked, id=2356, stack(0x000000778b100000,0x000000778b200000)]

Other Threads:
=>0x000001c65a199000 VMThread "VM Thread" [stack: 0x000000778c600000,0x000000778c700000] [id=12160]
  0x000001c65a78a000 WatcherThread [stack: 0x000000778d600000,0x000000778d700000] [id=2676]
  0x000001c6365bd800 GCTaskThread "GC Thread#0" [stack: 0x000000778b200000,0x000000778b300000] [id=16332]
  0x000001c6365bf000 GCTaskThread "GC Thread#1" [stack: 0x000000778b300000,0x000000778b400000] [id=10000]
  0x000001c6365c1800 GCTaskThread "GC Thread#2" [stack: 0x000000778b400000,0x000000778b500000] [id=936]
  0x000001c6365c6800 GCTaskThread "GC Thread#3" [stack: 0x000000778b500000,0x000000778b600000] [id=4568]
  0x000001c6365cc800 GCTaskThread "GC Thread#4" [stack: 0x000000778b600000,0x000000778b700000] [id=13972]
  0x000001c6365d3800 GCTaskThread "GC Thread#5" [stack: 0x000000778b700000,0x000000778b800000] [id=8436]
  0x000001c6365d7000 GCTaskThread "GC Thread#6" [stack: 0x000000778b800000,0x000000778b900000] [id=10120]
  0x000001c6365d5000 GCTaskThread "GC Thread#7" [stack: 0x000000778b900000,0x000000778ba00000] [id=7968]
  0x000001c656ec4000 ConcurrentGCThread "G1 Main Marker" [stack: 0x000000778c300000,0x000000778c400000] [id=13380]
  0x000001c6365dc000 ConcurrentGCThread "G1 Marker#0" [stack: 0x000000778c400000,0x000000778c500000] [id=5428]
  0x000001c6365d7800 ConcurrentGCThread "G1 Marker#1" [stack: 0x000000778c500000,0x000000778c600000] [id=13504]
  0x000001c636606800 ConcurrentGCThread "G1 Refine#0" [stack: 0x000000778c100000,0x000000778c200000] [id=5408]
  0x000001c636605800 ConcurrentGCThread "G1 Refine#1" [stack: 0x000000778c000000,0x000000778c100000] [id=8528]
  0x000001c636601800 ConcurrentGCThread "G1 Refine#2" [stack: 0x000000778bf00000,0x000000778c000000] [id=12384]
  0x000001c636600800 ConcurrentGCThread "G1 Refine#3" [stack: 0x000000778be00000,0x000000778bf00000] [id=3896]
  0x000001c6365ef800 ConcurrentGCThread "G1 Refine#4" [stack: 0x000000778bd00000,0x000000778be00000] [id=14912]
  0x000001c6365e3800 ConcurrentGCThread "G1 Refine#5" [stack: 0x000000778bc00000,0x000000778bd00000] [id=7436]
  0x000001c6365e2800 ConcurrentGCThread "G1 Refine#6" [stack: 0x000000778bb00000,0x000000778bc00000] [id=9728]
  0x000001c6365e1800 ConcurrentGCThread "G1 Refine#7" [stack: 0x000000778ba00000,0x000000778bb00000] [id=9928]
  0x000001c636607800 ConcurrentGCThread "G1 Young RemSet Sampling" [stack: 0x000000778c200000,0x000000778c300000] [id=7908]

Threads with active compile tasks:

VM state:at safepoint (normal execution)

VM Mutex/Monitor currently owned by a thread:  ([mutex/lock_event])
[0x000001c6365a4a10] Threads_lock - owner thread: 0x000001c65a199000

Heap address: 0x0000000081a00000, size: 2022 MB, Compressed Oops mode: 32-bit
Narrow klass base: 0x0000000000000000, Narrow klass shift: 3
Compressed class space size: 1073741824 Address: 0x0000000100000000

Heap:
 garbage-first heap   total 131072K, used 15360K [0x0000000081a00000, 0x0000000081b00400, 0x0000000100000000)
  region size 1024K, 16 young (16384K), 0 survivors (0K)
 Metaspace       used 10077K, capacity 10884K, committed 11008K, reserved 1058816K
  class space    used 1042K, capacity 1220K, committed 1280K, reserved 1048576K
Heap Regions: E=young(eden), S=young(survivor), O=old, HS=humongous(starts), HC=humongous(continues), CS=collection set, F=free, A=archive, TS=gc time stamp, AC=allocation context, TAMS=top-at-mark-start (previous, next)
|   0|0x0000000081a00000, 0x0000000081a00000, 0x0000000081b00000|  0%| F|  |TS  0|AC  0|TAMS 0x0000000081a00000, 0x0000000081a00000|
|   1|0x0000000081b00000, 0x0000000081b00000, 0x0000000081c00000|  0%| F|  |TS  0|AC  0|TAMS 0x0000000081b00000, 0x0000000081b00000|
|   2|0x0000000081c00000, 0x0000000081c00000, 0x0000000081d00000|  0%| F|  |TS  0|AC  0|TAMS 0x0000000081c00000, 0x0000000081c00000|
|   3|0x0000000081d00000, 0x0000000081d00000, 0x0000000081e00000|  0%| F|  |TS  0|AC  0|TAMS 0x0000000081d00000, 0x0000000081d00000|
|   4|0x0000000081e00000, 0x0000000081e00000, 0x0000000081f00000|  0%| F|  |TS  0|AC  0|TAMS 0x0000000081e00000, 0x0000000081e00000|
|   5|0x0000000081f00000, 0x0000000081f00000, 0x0000000082000000|  0%| F|  |TS  0|AC  0|TAMS 0x0000000081f00000, 0x0000000081f00000|
|   6|0x0000000082000000, 0x0000000082000000, 0x0000000082100000|  0%| F|  |TS  0|AC  0|TAMS 0x0000000082000000, 0x0000000082000000|
|   7|0x0000000082100000, 0x0000000082100000, 0x0000000082200000|  0%| F|  |TS  0|AC  0|TAMS 0x0000000082100000, 0x0000000082100000|
|   8|0x0000000082200000, 0x0000000082200000, 0x0000000082300000|  0%| F|  |TS  0|AC  0|TAMS 0x0000000082200000, 0x0000000082200000|
|   9|0x0000000082300000, 0x0000000082300000, 0x0000000082400000|  0%| F|  |TS  0|AC  0|TAMS 0x0000000082300000, 0x0000000082300000|
|  10|0x0000000082400000, 0x0000000082400000, 0x0000000082500000|  0%| F|  |TS  0|AC  0|TAMS 0x0000000082400000, 0x0000000082400000|
|  11|0x0000000082500000, 0x0000000082500000, 0x0000000082600000|  0%| F|  |TS  0|AC  0|TAMS 0x0000000082500000, 0x0000000082500000|
|  12|0x0000000082600000, 0x0000000082600000, 0x0000000082700000|  0%| F|  |TS  0|AC  0|TAMS 0x0000000082600000, 0x0000000082600000|
|  13|0x0000000082700000, 0x0000000082700000, 0x0000000082800000|  0%| F|  |TS  0|AC  0|TAMS 0x0000000082700000, 0x0000000082700000|
|  14|0x0000000082800000, 0x0000000082800000, 0x0000000082900000|  0%| F|  |TS  0|AC  0|TAMS 0x0000000082800000, 0x0000000082800000|
|  15|0x0000000082900000, 0x0000000082900000, 0x0000000082a00000|  0%| F|  |TS  0|AC  0|TAMS 0x0000000082900000, 0x0000000082900000|
|  16|0x0000000082a00000, 0x0000000082a00000, 0x0000000082b00000|  0%| F|  |TS  0|AC  0|TAMS 0x0000000082a00000, 0x0000000082a00000|
|  17|0x0000000082b00000, 0x0000000082b00000, 0x0000000082c00000|  0%| F|  |TS  0|AC  0|TAMS 0x0000000082b00000, 0x0000000082b00000|
|  18|0x0000000082c00000, 0x0000000082c00000, 0x0000000082d00000|  0%| F|  |TS  0|AC  0|TAMS 0x0000000082c00000, 0x0000000082c00000|
|  19|0x0000000082d00000, 0x0000000082d00000, 0x0000000082e00000|  0%| F|  |TS  0|AC  0|TAMS 0x0000000082d00000, 0x0000000082d00000|
|  20|0x0000000082e00000, 0x0000000082e00000, 0x0000000082f00000|  0%| F|  |TS  0|AC  0|TAMS 0x0000000082e00000, 0x0000000082e00000|
|  21|0x0000000082f00000, 0x0000000082f00000, 0x0000000083000000|  0%| F|  |TS  0|AC  0|TAMS 0x0000000082f00000, 0x0000000082f00000|
|  22|0x0000000083000000, 0x0000000083000000, 0x0000000083100000|  0%| F|  |TS  0|AC  0|TAMS 0x0000000083000000, 0x0000000083000000|
|  23|0x0000000083100000, 0x0000000083100000, 0x0000000083200000|  0%| F|  |TS  0|AC  0|TAMS 0x0000000083100000, 0x0000000083100000|
|  24|0x0000000083200000, 0x0000000083200000, 0x0000000083300000|  0%| F|  |TS  0|AC  0|TAMS 0x0000000083200000, 0x0000000083200000|
|  25|0x0000000083300000, 0x0000000083300000, 0x0000000083400000|  0%| F|  |TS  0|AC  0|TAMS 0x0000000083300000, 0x0000000083300000|
|  26|0x0000000083400000, 0x0000000083400000, 0x0000000083500000|  0%| F|  |TS  0|AC  0|TAMS 0x0000000083400000, 0x0000000083400000|
|  27|0x0000000083500000, 0x0000000083500000, 0x0000000083600000|  0%| F|  |TS  0|AC  0|TAMS 0x0000000083500000, 0x0000000083500000|
|  28|0x0000000083600000, 0x0000000083600000, 0x0000000083700000|  0%| F|  |TS  0|AC  0|TAMS 0x0000000083600000, 0x0000000083600000|
|  29|0x0000000083700000, 0x0000000083700000, 0x0000000083800000|  0%| F|  |TS  0|AC  0|TAMS 0x0000000083700000, 0x0000000083700000|
|  30|0x0000000083800000, 0x0000000083800000, 0x0000000083900000|  0%| F|  |TS  0|AC  0|TAMS 0x0000000083800000, 0x0000000083800000|
|  31|0x0000000083900000, 0x0000000083900000, 0x0000000083a00000|  0%| F|  |TS  0|AC  0|TAMS 0x0000000083900000, 0x0000000083900000|
|  32|0x0000000083a00000, 0x0000000083a00000, 0x0000000083b00000|  0%| F|  |TS  0|AC  0|TAMS 0x0000000083a00000, 0x0000000083a00000|
|  33|0x0000000083b00000, 0x0000000083b00000, 0x0000000083c00000|  0%| F|  |TS  0|AC  0|TAMS 0x0000000083b00000, 0x0000000083b00000|
|  34|0x0000000083c00000, 0x0000000083c00000, 0x0000000083d00000|  0%| F|  |TS  0|AC  0|TAMS 0x0000000083c00000, 0x0000000083c00000|
|  35|0x0000000083d00000, 0x0000000083d00000, 0x0000000083e00000|  0%| F|  |TS  0|AC  0|TAMS 0x0000000083d00000, 0x0000000083d00000|
|  36|0x0000000083e00000, 0x0000000083e00000, 0x0000000083f00000|  0%| F|  |TS  0|AC  0|TAMS 0x0000000083e00000, 0x0000000083e00000|
|  37|0x0000000083f00000, 0x0000000083f00000, 0x0000000084000000|  0%| F|  |TS  0|AC  0|TAMS 0x0000000083f00000, 0x0000000083f00000|
|  38|0x0000000084000000, 0x0000000084000000, 0x0000000084100000|  0%| F|  |TS  0|AC  0|TAMS 0x0000000084000000, 0x0000000084000000|
|  39|0x0000000084100000, 0x0000000084100000, 0x0000000084200000|  0%| F|  |TS  0|AC  0|TAMS 0x0000000084100000, 0x0000000084100000|
|  40|0x0000000084200000, 0x0000000084200000, 0x0000000084300000|  0%| F|  |TS  0|AC  0|TAMS 0x0000000084200000, 0x0000000084200000|
|  41|0x0000000084300000, 0x0000000084300000, 0x0000000084400000|  0%| F|  |TS  0|AC  0|TAMS 0x0000000084300000, 0x0000000084300000|
|  42|0x0000000084400000, 0x0000000084400000, 0x0000000084500000|  0%| F|  |TS  0|AC  0|TAMS 0x0000000084400000, 0x0000000084400000|
|  43|0x0000000084500000, 0x0000000084500000, 0x0000000084600000|  0%| F|  |TS  0|AC  0|TAMS 0x0000000084500000, 0x0000000084500000|
|  44|0x0000000084600000, 0x0000000084600000, 0x0000000084700000|  0%| F|  |TS  0|AC  0|TAMS 0x0000000084600000, 0x0000000084600000|
|  45|0x0000000084700000, 0x0000000084700000, 0x0000000084800000|  0%| F|  |TS  0|AC  0|TAMS 0x0000000084700000, 0x0000000084700000|
|  46|0x0000000084800000, 0x0000000084800000, 0x0000000084900000|  0%| F|  |TS  0|AC  0|TAMS 0x0000000084800000, 0x0000000084800000|
|  47|0x0000000084900000, 0x0000000084900000, 0x0000000084a00000|  0%| F|  |TS  0|AC  0|TAMS 0x0000000084900000, 0x0000000084900000|
|  48|0x0000000084a00000, 0x0000000084a00000, 0x0000000084b00000|  0%| F|  |TS  0|AC  0|TAMS 0x0000000084a00000, 0x0000000084a00000|
|  49|0x0000000084b00000, 0x0000000084b00000, 0x0000000084c00000|  0%| F|  |TS  0|AC  0|TAMS 0x0000000084b00000, 0x0000000084b00000|
|  50|0x0000000084c00000, 0x0000000084c00000, 0x0000000084d00000|  0%| F|  |TS  0|AC  0|TAMS 0x0000000084c00000, 0x0000000084c00000|
|  51|0x0000000084d00000, 0x0000000084d00000, 0x0000000084e00000|  0%| F|  |TS  0|AC  0|TAMS 0x0000000084d00000, 0x0000000084d00000|
|  52|0x0000000084e00000, 0x0000000084e00000, 0x0000000084f00000|  0%| F|  |TS  0|AC  0|TAMS 0x0000000084e00000, 0x0000000084e00000|
|  53|0x0000000084f00000, 0x0000000084f00000, 0x0000000085000000|  0%| F|  |TS  0|AC  0|TAMS 0x0000000084f00000, 0x0000000084f00000|
|  54|0x0000000085000000, 0x0000000085000000, 0x0000000085100000|  0%| F|  |TS  0|AC  0|TAMS 0x0000000085000000, 0x0000000085000000|
|  55|0x0000000085100000, 0x0000000085100000, 0x0000000085200000|  0%| F|  |TS  0|AC  0|TAMS 0x0000000085100000, 0x0000000085100000|
|  56|0x0000000085200000, 0x0000000085200000, 0x0000000085300000|  0%| F|  |TS  0|AC  0|TAMS 0x0000000085200000, 0x0000000085200000|
|  57|0x0000000085300000, 0x0000000085300000, 0x0000000085400000|  0%| F|  |TS  0|AC  0|TAMS 0x0000000085300000, 0x0000000085300000|
|  58|0x0000000085400000, 0x0000000085400000, 0x0000000085500000|  0%| F|  |TS  0|AC  0|TAMS 0x0000000085400000, 0x0000000085400000|
|  59|0x0000000085500000, 0x0000000085500000, 0x0000000085600000|  0%| F|  |TS  0|AC  0|TAMS 0x0000000085500000, 0x0000000085500000|
|  60|0x0000000085600000, 0x0000000085600000, 0x0000000085700000|  0%| F|  |TS  0|AC  0|TAMS 0x0000000085600000, 0x0000000085600000|
|  61|0x0000000085700000, 0x0000000085700000, 0x0000000085800000|  0%| F|  |TS  0|AC  0|TAMS 0x0000000085700000, 0x0000000085700000|
|  62|0x0000000085800000, 0x0000000085800000, 0x0000000085900000|  0%| F|  |TS  0|AC  0|TAMS 0x0000000085800000, 0x0000000085800000|
|  63|0x0000000085900000, 0x0000000085900000, 0x0000000085a00000|  0%| F|  |TS  0|AC  0|TAMS 0x0000000085900000, 0x0000000085900000|
|  64|0x0000000085a00000, 0x0000000085a00000, 0x0000000085b00000|  0%| F|  |TS  0|AC  0|TAMS 0x0000000085a00000, 0x0000000085a00000|
|  65|0x0000000085b00000, 0x0000000085b00000, 0x0000000085c00000|  0%| F|  |TS  0|AC  0|TAMS 0x0000000085b00000, 0x0000000085b00000|
|  66|0x0000000085c00000, 0x0000000085c00000, 0x0000000085d00000|  0%| F|  |TS  0|AC  0|TAMS 0x0000000085c00000, 0x0000000085c00000|
|  67|0x0000000085d00000, 0x0000000085d00000, 0x0000000085e00000|  0%| F|  |TS  0|AC  0|TAMS 0x0000000085d00000, 0x0000000085d00000|
|  68|0x0000000085e00000, 0x0000000085e00000, 0x0000000085f00000|  0%| F|  |TS  0|AC  0|TAMS 0x0000000085e00000, 0x0000000085e00000|
|  69|0x0000000085f00000, 0x0000000085f00000, 0x0000000086000000|  0%| F|  |TS  0|AC  0|TAMS 0x0000000085f00000, 0x0000000085f00000|
|  70|0x0000000086000000, 0x0000000086000000, 0x0000000086100000|  0%| F|  |TS  0|AC  0|TAMS 0x0000000086000000, 0x0000000086000000|
|  71|0x0000000086100000, 0x0000000086100000, 0x0000000086200000|  0%| F|  |TS  0|AC  0|TAMS 0x0000000086100000, 0x0000000086100000|
|  72|0x0000000086200000, 0x0000000086200000, 0x0000000086300000|  0%| F|  |TS  0|AC  0|TAMS 0x0000000086200000, 0x0000000086200000|
|  73|0x0000000086300000, 0x0000000086300000, 0x0000000086400000|  0%| F|  |TS  0|AC  0|TAMS 0x0000000086300000, 0x0000000086300000|
|  74|0x0000000086400000, 0x0000000086400000, 0x0000000086500000|  0%| F|  |TS  0|AC  0|TAMS 0x0000000086400000, 0x0000000086400000|
|  75|0x0000000086500000, 0x0000000086500000, 0x0000000086600000|  0%| F|  |TS  0|AC  0|TAMS 0x0000000086500000, 0x0000000086500000|
|  76|0x0000000086600000, 0x0000000086600000, 0x0000000086700000|  0%| F|  |TS  0|AC  0|TAMS 0x0000000086600000, 0x0000000086600000|
|  77|0x0000000086700000, 0x0000000086700000, 0x0000000086800000|  0%| F|  |TS  0|AC  0|TAMS 0x0000000086700000, 0x0000000086700000|
|  78|0x0000000086800000, 0x0000000086800000, 0x0000000086900000|  0%| F|  |TS  0|AC  0|TAMS 0x0000000086800000, 0x0000000086800000|
|  79|0x0000000086900000, 0x0000000086900000, 0x0000000086a00000|  0%| F|  |TS  0|AC  0|TAMS 0x0000000086900000, 0x0000000086900000|
|  80|0x0000000086a00000, 0x0000000086a00000, 0x0000000086b00000|  0%| F|  |TS  0|AC  0|TAMS 0x0000000086a00000, 0x0000000086a00000|
|  81|0x0000000086b00000, 0x0000000086b00000, 0x0000000086c00000|  0%| F|  |TS  0|AC  0|TAMS 0x0000000086b00000, 0x0000000086b00000|
|  82|0x0000000086c00000, 0x0000000086c00000, 0x0000000086d00000|  0%| F|  |TS  0|AC  0|TAMS 0x0000000086c00000, 0x0000000086c00000|
|  83|0x0000000086d00000, 0x0000000086d00000, 0x0000000086e00000|  0%| F|  |TS  0|AC  0|TAMS 0x0000000086d00000, 0x0000000086d00000|
|  84|0x0000000086e00000, 0x0000000086e00000, 0x0000000086f00000|  0%| F|  |TS  0|AC  0|TAMS 0x0000000086e00000, 0x0000000086e00000|
|  85|0x0000000086f00000, 0x0000000086f00000, 0x0000000087000000|  0%| F|  |TS  0|AC  0|TAMS 0x0000000086f00000, 0x0000000086f00000|
|  86|0x0000000087000000, 0x0000000087000000, 0x0000000087100000|  0%| F|  |TS  0|AC  0|TAMS 0x0000000087000000, 0x0000000087000000|
|  87|0x0000000087100000, 0x0000000087100000, 0x0000000087200000|  0%| F|  |TS  0|AC  0|TAMS 0x0000000087100000, 0x0000000087100000|
|  88|0x0000000087200000, 0x0000000087200000, 0x0000000087300000|  0%| F|  |TS  0|AC  0|TAMS 0x0000000087200000, 0x0000000087200000|
|  89|0x0000000087300000, 0x0000000087300000, 0x0000000087400000|  0%| F|  |TS  0|AC  0|TAMS 0x0000000087300000, 0x0000000087300000|
|  90|0x0000000087400000, 0x0000000087400000, 0x0000000087500000|  0%| F|  |TS  0|AC  0|TAMS 0x0000000087400000, 0x0000000087400000|
|  91|0x0000000087500000, 0x0000000087500000, 0x0000000087600000|  0%| F|  |TS  0|AC  0|TAMS 0x0000000087500000, 0x0000000087500000|
|  92|0x0000000087600000, 0x0000000087600000, 0x0000000087700000|  0%| F|  |TS  0|AC  0|TAMS 0x0000000087600000, 0x0000000087600000|
|  93|0x0000000087700000, 0x0000000087700000, 0x0000000087800000|  0%| F|  |TS  0|AC  0|TAMS 0x0000000087700000, 0x0000000087700000|
|  94|0x0000000087800000, 0x0000000087800000, 0x0000000087900000|  0%| F|  |TS  0|AC  0|TAMS 0x0000000087800000, 0x0000000087800000|
|  95|0x0000000087900000, 0x0000000087900000, 0x0000000087a00000|  0%| F|  |TS  0|AC  0|TAMS 0x0000000087900000, 0x0000000087900000|
|  96|0x0000000087a00000, 0x0000000087a00000, 0x0000000087b00000|  0%| F|  |TS  0|AC  0|TAMS 0x0000000087a00000, 0x0000000087a00000|
|  97|0x0000000087b00000, 0x0000000087b00000, 0x0000000087c00000|  0%| F|  |TS  0|AC  0|TAMS 0x0000000087b00000, 0x0000000087b00000|
|  98|0x0000000087c00000, 0x0000000087c00000, 0x0000000087d00000|  0%| F|  |TS  0|AC  0|TAMS 0x0000000087c00000, 0x0000000087c00000|
|  99|0x0000000087d00000, 0x0000000087d00000, 0x0000000087e00000|  0%| F|  |TS  0|AC  0|TAMS 0x0000000087d00000, 0x0000000087d00000|
| 100|0x0000000087e00000, 0x0000000087e00000, 0x0000000087f00000|  0%| F|  |TS  0|AC  0|TAMS 0x0000000087e00000, 0x0000000087e00000|
| 101|0x0000000087f00000, 0x0000000087f00000, 0x0000000088000000|  0%| F|  |TS  0|AC  0|TAMS 0x0000000087f00000, 0x0000000087f00000|
| 102|0x0000000088000000, 0x0000000088000000, 0x0000000088100000|  0%| F|  |TS  0|AC  0|TAMS 0x0000000088000000, 0x0000000088000000|
| 103|0x0000000088100000, 0x0000000088100000, 0x0000000088200000|  0%| F|  |TS  0|AC  0|TAMS 0x0000000088100000, 0x0000000088100000|
| 104|0x0000000088200000, 0x0000000088200000, 0x0000000088300000|  0%| F|  |TS  0|AC  0|TAMS 0x0000000088200000, 0x0000000088200000|
| 105|0x0000000088300000, 0x0000000088300000, 0x0000000088400000|  0%| F|  |TS  0|AC  0|TAMS 0x0000000088300000, 0x0000000088300000|
| 106|0x0000000088400000, 0x0000000088400000, 0x0000000088500000|  0%| F|  |TS  0|AC  0|TAMS 0x0000000088400000, 0x0000000088400000|
| 107|0x0000000088500000, 0x0000000088500000, 0x0000000088600000|  0%| F|  |TS  0|AC  0|TAMS 0x0000000088500000, 0x0000000088500000|
| 108|0x0000000088600000, 0x0000000088600000, 0x0000000088700000|  0%| F|  |TS  0|AC  0|TAMS 0x0000000088600000, 0x0000000088600000|
| 109|0x0000000088700000, 0x0000000088700000, 0x0000000088800000|  0%| F|  |TS  0|AC  0|TAMS 0x0000000088700000, 0x0000000088700000|
| 110|0x0000000088800000, 0x0000000088800000, 0x0000000088900000|  0%| F|  |TS  0|AC  0|TAMS 0x0000000088800000, 0x0000000088800000|
| 111|0x0000000088900000, 0x0000000088900000, 0x0000000088a00000|  0%| F|  |TS  0|AC  0|TAMS 0x0000000088900000, 0x0000000088900000|
| 112|0x0000000088a00000, 0x0000000088a7b620, 0x0000000088b00000| 48%| E|  |TS  0|AC  0|TAMS 0x0000000088a00000, 0x0000000088a00000|
| 113|0x0000000088b00000, 0x0000000088c00000, 0x0000000088c00000|100%| E|CS|TS  0|AC  0|TAMS 0x0000000088b00000, 0x0000000088b00000|
| 114|0x0000000088c00000, 0x0000000088d00000, 0x0000000088d00000|100%| E|CS|TS  0|AC  0|TAMS 0x0000000088c00000, 0x0000000088c00000|
| 115|0x0000000088d00000, 0x0000000088e00000, 0x0000000088e00000|100%| E|CS|TS  0|AC  0|TAMS 0x0000000088d00000, 0x0000000088d00000|
| 116|0x0000000088e00000, 0x0000000088f00000, 0x0000000088f00000|100%| E|CS|TS  0|AC  0|TAMS 0x0000000088e00000, 0x0000000088e00000|
| 117|0x0000000088f00000, 0x0000000089000000, 0x0000000089000000|100%| E|CS|TS  0|AC  0|TAMS 0x0000000088f00000, 0x0000000088f00000|
| 118|0x0000000089000000, 0x0000000089100000, 0x0000000089100000|100%| E|CS|TS  0|AC  0|TAMS 0x0000000089000000, 0x0000000089000000|
| 119|0x0000000089100000, 0x0000000089200000, 0x0000000089200000|100%| E|CS|TS  0|AC  0|TAMS 0x0000000089100000, 0x0000000089100000|
| 120|0x0000000089200000, 0x0000000089300000, 0x0000000089300000|100%| E|CS|TS  0|AC  0|TAMS 0x0000000089200000, 0x0000000089200000|
| 121|0x0000000089300000, 0x0000000089400000, 0x0000000089400000|100%| E|CS|TS  0|AC  0|TAMS 0x0000000089300000, 0x0000000089300000|
| 122|0x0000000089400000, 0x0000000089500000, 0x0000000089500000|100%| E|CS|TS  0|AC  0|TAMS 0x0000000089400000, 0x0000000089400000|
| 123|0x0000000089500000, 0x0000000089600000, 0x0000000089600000|100%| E|CS|TS  0|AC  0|TAMS 0x0000000089500000, 0x0000000089500000|
| 124|0x0000000089600000, 0x0000000089700000, 0x0000000089700000|100%| E|CS|TS  0|AC  0|TAMS 0x0000000089600000, 0x0000000089600000|
| 125|0x0000000089700000, 0x0000000089800000, 0x0000000089800000|100%| E|CS|TS  0|AC  0|TAMS 0x0000000089700000, 0x0000000089700000|
| 126|0x0000000089800000, 0x0000000089900000, 0x0000000089900000|100%| E|CS|TS  0|AC  0|TAMS 0x0000000089800000, 0x0000000089800000|
| 127|0x0000000089900000, 0x0000000089a00000, 0x0000000089a00000|100%| E|CS|TS  0|AC  0|TAMS 0x0000000089900000, 0x0000000089900000|

Card table byte_map: [0x000001c652740000,0x000001c652b40000] byte_map_base: 0x000001c652333000

Marking Bits (Prev, Next): (CMBitMap*) 0x000001c63662d8c0, (CMBitMap*) 0x000001c63662d8f8
 Prev Bits: [0x000001c652f40000, 0x000001c654ed8000)
 Next Bits: [0x000001c654ee0000, 0x000001c656e78000)

Polling page: 0x000001c6343d0000

CodeHeap 'non-profiled nmethods': size=120000Kb used=306Kb max_used=306Kb free=119693Kb
 bounds [0x000001c649f90000, 0x000001c64a200000, 0x000001c6514c0000]
CodeHeap 'profiled nmethods': size=120000Kb used=1659Kb max_used=1659Kb free=118341Kb
 bounds [0x000001c642a60000, 0x000001c642cd0000, 0x000001c649f90000]
CodeHeap 'non-nmethods': size=5760Kb used=1212Kb max_used=1228Kb free=4547Kb
 bounds [0x000001c6424c0000, 0x000001c642730000, 0x000001c642a60000]
 total_blobs=1448 nmethods=921 adapters=269
 compilation: enabled

Compilation events (10 events):
Event: 1.115 Thread 0x000001c65a204000  920       4       java.lang.String::getBytes (44 bytes)
Event: 1.118 Thread 0x000001c65a204000 nmethod 920 0x000001c649fda810 code [0x000001c649fda9a0, 0x000001c649fdab58]
Event: 1.119 Thread 0x000001c65a253000 nmethod 918 0x000001c642bf5590 code [0x000001c642bf5a40, 0x000001c642bf7d10]
Event: 1.119 Thread 0x000001c65a253000  919       3       jdk.internal.org.objectweb.asm.MethodWriter::put (1602 bytes)
Event: 1.129 Thread 0x000001c65a253000 nmethod 919 0x000001c642bf8b90 code [0x000001c642bf9460, 0x000001c642bfcbe0]
Event: 1.129 Thread 0x000001c65a253000  917       3       java.util.stream.ReferencePipeline$StatelessOp::<init> (29 bytes)
Event: 1.129 Thread 0x000001c65a253000 nmethod 917 0x000001c642bfe390 code [0x000001c642bfe540, 0x000001c642bfe770]
Event: 1.129 Thread 0x000001c65a253000  921       3       java.lang.ref.Reference::reachabilityFence (1 bytes)
Event: 1.130 Thread 0x000001c65a253000 nmethod 921 0x000001c642bfe890 code [0x000001c642bfea40, 0x000001c642bfeb78]
Event: 1.145 Thread 0x000001c65a205000 nmethod 903 0x000001c649fdac90 code [0x000001c649fdaec0, 0x000001c649fdc190]

GC Heap History (0 events):
No events

Deoptimization events (2 events):
Event: 0.458 Thread 0x000001c6365a7800 Uncommon trap: reason=unstable_if action=reinterpret pc=0x000001c649f92bfc method=java.lang.String.charAt(I)C @ 4 c2
Event: 0.918 Thread 0x000001c6365a7800 Uncommon trap: reason=unstable_if action=reinterpret pc=0x000001c649fc366c method=java.util.HashMap.getNode(ILjava/lang/Object;)Ljava/util/HashMap$Node; @ 129 c2

Classes redefined (2 events):
Event: 39.288 Thread 0x000001c65a199000 redefined class name=pl.kszafran.sda.algo.exercises.sorting.SelectionSort, count=1
Event: 75.249 Thread 0x000001c65a199000 redefined class name=pl.kszafran.sda.algo.exercises.sorting.SelectionSort, count=2

Internal exceptions (10 events):
Event: 0.899 Thread 0x000001c6365a7800 Exception <a 'java/lang/NoSuchMethodError'{0x0000000088fdd3a0}: java.lang.Object.of([Ljava/lang/Object;)Ljava/util/stream/Stream;> (0x0000000088fdd3a0) thrown at [t:/workspace/hotspot/src/share/vm/interpreter/linkResolver.cpp, line 731]
Event: 0.936 Thread 0x000001c6365a7800 Exception <a 'java/lang/NoSuchMethodError'{0x0000000088e754b8}: java.lang.Object.lambda$andThen$1(Ljava/util/function/Function;Ljava/lang/Object;)Ljava/lang/Object;> (0x0000000088e754b8) thrown at [t:/workspace/hotspot/src/share/vm/interpreter/linkResolve
Event: 0.966 Thread 0x000001c6365a7800 Exception <a 'java/lang/NoSuchMethodError'{0x0000000088ef0bd8}: java.lang.invoke.DirectMethodHandle$Holder.invokeVirtual(Ljava/lang/Object;Ljava/lang/Object;Ljava/lang/Object;)I> (0x0000000088ef0bd8) thrown at [t:/workspace/hotspot/src/share/vm/interprete
Event: 0.967 Thread 0x000001c6365a7800 Exception <a 'java/lang/NoSuchMethodError'{0x0000000088ef7270}: java.lang.invoke.DirectMethodHandle$Holder.invokeSpecial(Ljava/lang/Object;Ljava/lang/Object;Ljava/lang/Object;Ljava/lang/Object;)V> (0x0000000088ef7270) thrown at [t:/workspace/hotspot/src/s
Event: 0.969 Thread 0x000001c6365a7800 Exception <a 'java/lang/NoSuchMethodError'{0x0000000088eff998}: java.lang.Object.lambda$accept$0(Lorg/junit/platform/engine/TestDescriptor$Visitor;Lorg/junit/platform/engine/TestDescriptor;)V> (0x0000000088eff998) thrown at [t:/workspace/hotspot/src/share
Event: 0.971 Thread 0x000001c6365a7800 Exception <a 'java/lang/NoSuchMethodError'{0x0000000088d0b108}: java.lang.invoke.DirectMethodHandle$Holder.invokeInterface(Ljava/lang/Object;Ljava/lang/Object;)V> (0x0000000088d0b108) thrown at [t:/workspace/hotspot/src/share/vm/interpreter/linkResolver.c
Event: 0.972 Thread 0x000001c6365a7800 Exception <a 'java/lang/IncompatibleClassChangeError'{0x0000000088d0dd10}: Found class java.lang.Object, but interface was expected> (0x0000000088d0dd10) thrown at [t:/workspace/hotspot/src/share/vm/interpreter/linkResolver.cpp, line 793]
Event: 0.973 Thread 0x000001c6365a7800 Exception <a 'java/lang/NoSuchMethodError'{0x0000000088d13820}: java.lang.Object.containsTests(Lorg/junit/platform/engine/TestDescriptor;)Z> (0x0000000088d13820) thrown at [t:/workspace/hotspot/src/share/vm/interpreter/linkResolver.cpp, line 731]
Event: 1.043 Thread 0x000001c6365a7800 Exception <a 'java/lang/NoSuchMethodError'{0x0000000088cd7ea0}: java.lang.Object.lambda$and$0(Ljava/util/function/Predicate;Ljava/lang/Object;)Z> (0x0000000088cd7ea0) thrown at [t:/workspace/hotspot/src/share/vm/interpreter/linkResolver.cpp, line 731]
Event: 1.101 Thread 0x000001c6365a7800 Exception <a 'java/lang/NoSuchMethodError'{0x0000000088bcf7f0}: java.lang.invoke.DirectMethodHandle$Holder.invokeInterface(Ljava/lang/Object;Ljava/lang/Object;Ljava/lang/Object;)V> (0x0000000088bcf7f0) thrown at [t:/workspace/hotspot/src/share/vm/interpre

Events (10 events):
Event: 75.257 Executing VM operation: ChangeBreakpoints done
Event: 75.259 Executing VM operation: GetFrameCount
Event: 75.259 Executing VM operation: GetFrameCount done
Event: 75.259 Executing VM operation: GetFrameLocation
Event: 75.259 Executing VM operation: GetFrameLocation done
Event: 75.259 Executing VM operation: GetFrameLocation
Event: 75.259 Executing VM operation: GetFrameLocation done
Event: 75.259 Executing VM operation: GetOrSetLocal
Event: 75.259 Executing VM operation: GetOrSetLocal done
Event: 75.260 Executing VM operation: GetOrSetLocal


Dynamic libraries:
0x00007ff7c1430000 - 0x00007ff7c146e000 	C:\Program Files\Java\jdk-9.0.4\bin\java.exe
0x00007ffd2a4f0000 - 0x00007ffd2a6d0000 	C:\WINDOWS\SYSTEM32\ntdll.dll
0x00007ffd27a70000 - 0x00007ffd27b1e000 	C:\WINDOWS\System32\KERNEL32.DLL
0x00007ffd268f0000 - 0x00007ffd26b56000 	C:\WINDOWS\System32\KERNELBASE.dll
0x00007ffd29730000 - 0x00007ffd297d1000 	C:\WINDOWS\System32\ADVAPI32.dll
0x00007ffd29ff0000 - 0x00007ffd2a08d000 	C:\WINDOWS\System32\msvcrt.dll
0x00007ffd296a0000 - 0x00007ffd296fb000 	C:\WINDOWS\System32\sechost.dll
0x00007ffd29e00000 - 0x00007ffd29f1f000 	C:\WINDOWS\System32\RPCRT4.dll
0x00007ffd2a330000 - 0x00007ffd2a4bf000 	C:\WINDOWS\System32\USER32.dll
0x00007ffd27720000 - 0x00007ffd27740000 	C:\WINDOWS\System32\win32u.dll
0x00007ffd29700000 - 0x00007ffd29728000 	C:\WINDOWS\System32\GDI32.dll
0x00007ffd26c60000 - 0x00007ffd26df3000 	C:\WINDOWS\System32\gdi32full.dll
0x00007ffd277f0000 - 0x00007ffd2788b000 	C:\WINDOWS\System32\msvcp_win.dll
0x00007ffd26b60000 - 0x00007ffd26c56000 	C:\WINDOWS\System32\ucrtbase.dll
0x00007ffd12870000 - 0x00007ffd12ad9000 	C:\WINDOWS\WinSxS\amd64_microsoft.windows.common-controls_6595b64144ccf1df_6.0.16299.371_none_15c7d1789365a290\COMCTL32.dll
0x00007ffd1d7f0000 - 0x00007ffd1d7fa000 	C:\WINDOWS\SYSTEM32\VERSION.dll
0x00007ffd29390000 - 0x00007ffd29698000 	C:\WINDOWS\System32\combase.dll
0x00007ffd27890000 - 0x00007ffd27902000 	C:\WINDOWS\System32\bcryptPrimitives.dll
0x00007ffd279c0000 - 0x00007ffd279ed000 	C:\WINDOWS\System32\IMM32.DLL
0x00007ffd00990000 - 0x00007ffd00a7f000 	C:\Program Files\Java\jdk-9.0.4\bin\msvcr120.dll
0x00007ffd00860000 - 0x00007ffd00906000 	C:\Program Files\Java\jdk-9.0.4\bin\msvcp120.dll
0x000000005e3a0000 - 0x000000005edc5000 	C:\Program Files\Java\jdk-9.0.4\bin\server\jvm.dll
0x00007ffd29800000 - 0x00007ffd29808000 	C:\WINDOWS\System32\PSAPI.DLL
0x00007ffd1dbf0000 - 0x00007ffd1dbf9000 	C:\WINDOWS\SYSTEM32\WSOCK32.dll
0x00007ffd19f90000 - 0x00007ffd19fb3000 	C:\WINDOWS\SYSTEM32\WINMM.dll
0x00007ffd29f20000 - 0x00007ffd29f8c000 	C:\WINDOWS\System32\WS2_32.dll
0x00007ffd19f60000 - 0x00007ffd19f8a000 	C:\WINDOWS\SYSTEM32\WINMMBASE.dll
0x00007ffd277a0000 - 0x00007ffd277ea000 	C:\WINDOWS\System32\cfgmgr32.dll
0x00007ffd227e0000 - 0x00007ffd227ef000 	C:\Program Files\Java\jdk-9.0.4\bin\verify.dll
0x00007ffd198d0000 - 0x00007ffd198f7000 	C:\Program Files\Java\jdk-9.0.4\bin\java.dll
0x00007ffd00020000 - 0x00007ffd00056000 	C:\Program Files\Java\jdk-9.0.4\bin\jdwp.dll
0x00007ffd00370000 - 0x00007ffd0039a000 	C:\Program Files\Java\jdk-9.0.4\bin\instrument.dll
0x00007ffd1c5d0000 - 0x00007ffd1c5e6000 	C:\Program Files\Java\jdk-9.0.4\bin\zip.dll
0x00007ffd22530000 - 0x00007ffd2253a000 	C:\Program Files\Java\jdk-9.0.4\bin\jimage.dll
0x00007ffd27e00000 - 0x00007ffd29236000 	C:\WINDOWS\System32\SHELL32.dll
0x00007ffd27d50000 - 0x00007ffd27df6000 	C:\WINDOWS\System32\shcore.dll
0x00007ffd26e00000 - 0x00007ffd27547000 	C:\WINDOWS\System32\windows.storage.dll
0x00007ffd29f90000 - 0x00007ffd29fe1000 	C:\WINDOWS\System32\shlwapi.dll
0x00007ffd268b0000 - 0x00007ffd268c1000 	C:\WINDOWS\System32\kernel.appcore.dll
0x00007ffd26860000 - 0x00007ffd268ac000 	C:\WINDOWS\System32\powrprof.dll
0x00007ffd26840000 - 0x00007ffd2685b000 	C:\WINDOWS\System32\profapi.dll
0x00007ffd1b600000 - 0x00007ffd1b61a000 	C:\Program Files\Java\jdk-9.0.4\bin\net.dll
0x00007ffd23250000 - 0x00007ffd2332e000 	C:\WINDOWS\SYSTEM32\WINHTTP.dll
0x00007ffd26070000 - 0x00007ffd260d6000 	C:\WINDOWS\system32\mswsock.dll
0x00007ffd17850000 - 0x00007ffd17861000 	C:\Program Files\Java\jdk-9.0.4\bin\nio.dll
0x00007ffd20840000 - 0x00007ffd2084a000 	C:\Program Files\Java\jdk-9.0.4\bin\dt_socket.dll
0x00007ffd22010000 - 0x00007ffd221d8000 	C:\WINDOWS\SYSTEM32\dbghelp.dll

VM Arguments:
jvm_args: -agentlib:jdwp=transport=dt_socket,address=127.0.0.1:55278,suspend=y,server=n -ea -Didea.test.cyclic.buffer.size=1048576 -javaagent:C:\Users\Krzys\.IntelliJIdea2017.3\system\captureAgent\debugger-agent.jar=C:\Users\Krzys\AppData\Local\Temp\capture99.props -Dfile.encoding=UTF-8 
java_command: com.intellij.rt.execution.junit.JUnitStarter -ideVersion5 -junit5 pl.kszafran.sda.algo.exercises.Exercises2Test,testSelectionSort
java_class_path (initial): C:\java\inteliJ_IDEA_full\IntelliJ IDEA 2017.3.5\lib\idea_rt.jar;C:\java\inteliJ_IDEA_full\IntelliJ IDEA 2017.3.5\plugins\junit\lib\junit-rt.jar;C:\java\inteliJ_IDEA_full\IntelliJ IDEA 2017.3.5\plugins\junit\lib\junit5-rt.jar;C:\Users\Krzys\.m2\repository\org\junit\platform\junit-platform-launcher\1.1.0\junit-platform-launcher-1.1.0.jar;C:\Users\Krzys\.m2\repository\org\apiguardian\apiguardian-api\1.0.0\apiguardian-api-1.0.0.jar;C:\Users\Krzys\.m2\repository\org\junit\platform\junit-platform-engine\1.1.0\junit-platform-engine-1.1.0.jar;C:\Users\Krzys\.m2\repository\org\junit\platform\junit-platform-commons\1.1.0\junit-platform-commons-1.1.0.jar;C:\Users\Krzys\.m2\repository\org\opentest4j\opentest4j\1.0.0\opentest4j-1.0.0.jar;C:\Users\Krzys\.m2\repository\org\junit\jupiter\junit-jupiter-engine\5.1.0\junit-jupiter-engine-5.1.0.jar;C:\Users\Krzys\.m2\repository\org\junit\jupiter\junit-jupiter-api\5.1.0\junit-jupiter-api-5.1.0.jar;C:\Projekty_java\obiektowezaj1\programming1\target\test-classes;C:\Projekty_java\obiektowezaj1\programming1\target\classes
Launcher Type: SUN_STANDARD

Logging:
Log output configuration:
#0: stdout all=warning uptime,level,tags
#1: stderr all=off uptime,level,tags

Environment Variables:
JAVA_HOME=C:\Program Files\Java\jdk-9.0.4
PATH=C:\ProgramData\Oracle\Java\javapath;C:\WINDOWS\system32;C:\WINDOWS;C:\WINDOWS\System32\Wbem;C:\WINDOWS\System32\WindowsPowerShell\v1.0\;C:\Program Files (x86)\ATI Technologies\ATI.ACE\Core-Static;C:\java\Git\cmd;C:\Users\Krzys\AppData\Local\Microsoft\WindowsApps;C:\Users\Krzys\AppData\Local\GitHubDesktop\bin
USERNAME=Krzys
OS=Windows_NT
PROCESSOR_IDENTIFIER=Intel64 Family 6 Model 58 Stepping 9, GenuineIntel



---------------  S Y S T E M  ---------------

OS: Windows 10 , 64 bit Build 16299 (10.0.16299.15)

CPU:total 8 (initial active 8) (4 cores per cpu, 2 threads per core) family 6 model 58 stepping 9, cmov, cx8, fxsr, mmx, sse, sse2, sse3, ssse3, sse4.1, sse4.2, popcnt, avx, aes, clmul, erms, ht, tsc, tscinvbit, tscinv

Memory: 4k page, physical 8277556k(3725752k free), swap 10530408k(2889408k free)

vm_info: Java HotSpot(TM) 64-Bit Server VM (9.0.4+11) for windows-amd64 JRE (9.0.4+11), built on Dec 20 2017 02:18:54 by "mach5one" with MS VC++ 12.0 (VS2013)

END.
