#
# A fatal error has been detected by the Java Runtime Environment:
#
#  EXCEPTION_ACCESS_VIOLATION (0xc0000005) at pc=0x0000000064402fd3, pid=11816, tid=7624
#
# JRE version: Java(TM) SE Runtime Environment (9.0+11) (build 9.0.4+11)
# Java VM: Java HotSpot(TM) 64-Bit Server VM (9.0.4+11, mixed mode, tiered, compressed oops, g1 gc, windows-amd64)
# Problematic frame:
# V  [jvm.dll+0x2f2fd3]
#
# No core dump will be written. Minidumps are not enabled by default on client versions of Windows
#
# If you would like to submit a bug report, please visit:
#   http://bugreport.java.com/bugreport/crash.jsp
#

---------------  S U M M A R Y ------------

Command Line: -agentlib:jdwp=transport=dt_socket,address=127.0.0.1:51579,suspend=y,server=n -ea -Didea.test.cyclic.buffer.size=1048576 -Dfile.encoding=UTF-8 com.intellij.rt.execution.junit.JUnitStarter -ideVersion5 -junit5 pl.kszafran.sda.algo.exercises.Exercises4Test,test_get

Host: Intel(R) Core(TM) i7-3630QM CPU @ 2.40GHz, 8 cores, 7G,  Windows 10 , 64 bit Build 16299 (10.0.16299.15)
Time: Sun May 06 14:57:40 2018 ?rodkowoeuropejski czas letni elapsed time: 2334 seconds (0d 0h 38m 54s)

---------------  T H R E A D  ---------------

Current thread (0x0000023e33816800):  VMThread "VM Thread" [stack: 0x000000bbe7b00000,0x000000bbe7c00000] [id=7624]

Stack: [0x000000bbe7b00000,0x000000bbe7c00000],  sp=0x000000bbe7bff350,  free space=1020k
Native frames: (J=compiled Java code, j=interpreted, Vv=VM code, C=native code)
V  [jvm.dll+0x2f2fd3]
V  [jvm.dll+0x2f6a30]
V  [jvm.dll+0x2f6e02]
V  [jvm.dll+0x2f3285]
V  [jvm.dll+0x5784ff]
V  [jvm.dll+0x57880c]
V  [jvm.dll+0x5786b3]
V  [jvm.dll+0x578eac]
V  [jvm.dll+0x5470aa]
V  [jvm.dll+0x465311]
V  [jvm.dll+0x6a366b]
V  [jvm.dll+0x6a1e05]
V  [jvm.dll+0x6a25e1]
V  [jvm.dll+0x6a28cc]
V  [jvm.dll+0x586490]
C  [msvcr120.dll+0x24f7f]
C  [msvcr120.dll+0x25126]
C  [KERNEL32.DLL+0x11fe4]
C  [ntdll.dll+0x6f061]


siginfo: EXCEPTION_ACCESS_VIOLATION (0xc0000005), reading address 0xffffffffffffffff


Register to memory mapping:

RIP=0x0000000064402fd3 jvm.dll
RAX=0x0000023e0fbd5e80 is an unknown value
RBX=0x000000bbe7bff590 is an unknown value
RCX=0x000000bbe7bff600 is an unknown value
RDX=0xffffffffffffcb13 is an unknown value
RSP=0x000000bbe7bff350 is an unknown value
RBP=0x000000bbe7bff3c0 is an unknown value
RSI=0x0000023e0fbd5dd0 is an unknown value
RDI=0x00000000000000a7 is an unknown value
R8 =0x03ffffffffffff2c is an unknown value
R9 =0x0000000000000013 is an unknown value
R10=0x0000023e34823a10 is pointing into metadata
R11=0x000000010011bbf0 is pointing into metadata
R12=0x0000000000000000 is an unknown value
R13=0x0000000000000023 is an unknown value
R14=0x0000000000000000 is an unknown value
R15=0x0000000064402fb0 jvm.dll


Registers:
RAX=0x0000023e0fbd5e80, RBX=0x000000bbe7bff590, RCX=0x000000bbe7bff600, RDX=0xffffffffffffcb13
RSP=0x000000bbe7bff350, RBP=0x000000bbe7bff3c0, RSI=0x0000023e0fbd5dd0, RDI=0x00000000000000a7
R8 =0x03ffffffffffff2c, R9 =0x0000000000000013, R10=0x0000023e34823a10, R11=0x000000010011bbf0
R12=0x0000000000000000, R13=0x0000000000000023, R14=0x0000000000000000, R15=0x0000000064402fb0
RIP=0x0000000064402fd3, EFLAGS=0x0000000000010a02

Top of Stack: (sp=0x000000bbe7bff350)
0x000000bbe7bff350:   0000000046000008 00000000644077c6
0x000000bbe7bff360:   000000000000000e 0000000064406a16
0x000000bbe7bff370:   000000bbe7bff590 0000000064406a30
0x000000bbe7bff380:   000000bbe7bff0ca 000000bbe7bff590
0x000000bbe7bff390:   000000bbe7bff4d0 0000000064211ece
0x000000bbe7bff3a0:   0000023e33816800 000000bbe7bff4d0
0x000000bbe7bff3b0:   000000bbe7bff410 00000000644073f4
0x000000bbe7bff3c0:   0000023e0fbd61b8 0000000000000001
0x000000bbe7bff3d0:   00000000000003d8 00000000000000a7
0x000000bbe7bff3e0:   0000000000000023 0000000064406e02
0x000000bbe7bff3f0:   000000bbe7bff590 0000000000000001
0x000000bbe7bff400:   0000023e0fbd5dd0 0000023e0fbd5dd0
0x000000bbe7bff410:   0000023e34824398 0000023e33816800
0x000000bbe7bff420:   0000002600000023 000000a700000039
0x000000bbe7bff430:   0000003900000000 ffffffff000000a7
0x000000bbe7bff440:   0000023e0fbd61b8 0000000000000000 

Instructions: (pc=0x0000000064402fd3)
0x0000000064402fb3:   83 ec 20 48 63 d2 48 8b d9 48 83 c1 70 0f b6 c2
0x0000000064402fc3:   4c 8b c2 24 3f 49 c1 e8 06 44 0f b6 c8 48 8b 01
0x0000000064402fd3:   4e 8b 04 c0 4d 0f a3 c8 72 0b 41 b0 01 e8 db f4
0x0000000064402fe3:   df ff ff 43 6c 48 83 c4 20 5b c3 cc cc 48 83 ec 


VM_Operation (0x000000bbe87feff0): GetOrSetLocal, mode: safepoint, requested by thread 0x0000023e33c7a000


---------------  P R O C E S S  ---------------

Java Threads: ( => current thread )
  0x0000023e33c8d800 JavaThread "Service Thread" daemon [_thread_blocked, id=11220, stack(0x000000bbe8a00000,0x000000bbe8b00000)]
  0x0000023e33c7d000 JavaThread "JDWP Command Reader" daemon [_thread_in_native, id=912, stack(0x000000bbe8900000,0x000000bbe8a00000)]
  0x0000023e33c6b000 JavaThread "JDWP Event Helper Thread" daemon [_thread_blocked, id=10584, stack(0x000000bbe8800000,0x000000bbe8900000)]
  0x0000023e33c7a000 JavaThread "JDWP Transport Listener: dt_socket" daemon [_thread_blocked, id=11048, stack(0x000000bbe8700000,0x000000bbe8800000)]
  0x0000023e33909000 JavaThread "Common-Cleaner" daemon [_thread_blocked, id=10824, stack(0x000000bbe8600000,0x000000bbe8700000)]
  0x0000023e3388b000 JavaThread "Sweeper thread" daemon [_thread_blocked, id=4880, stack(0x000000bbe8500000,0x000000bbe8600000)]
  0x0000023e33881800 JavaThread "C1 CompilerThread3" daemon [_thread_blocked, id=4672, stack(0x000000bbe8400000,0x000000bbe8500000)]
  0x0000023e3387e800 JavaThread "C2 CompilerThread2" daemon [_thread_blocked, id=10760, stack(0x000000bbe8300000,0x000000bbe8400000)]
  0x0000023e3387c000 JavaThread "C2 CompilerThread1" daemon [_thread_blocked, id=10740, stack(0x000000bbe8200000,0x000000bbe8300000)]
  0x0000023e3387b000 JavaThread "C2 CompilerThread0" daemon [_thread_blocked, id=5208, stack(0x000000bbe8100000,0x000000bbe8200000)]
  0x0000023e33875800 JavaThread "Attach Listener" daemon [_thread_blocked, id=1824, stack(0x000000bbe8000000,0x000000bbe8100000)]
  0x0000023e33874800 JavaThread "Signal Dispatcher" daemon [_thread_blocked, id=10244, stack(0x000000bbe7f00000,0x000000bbe8000000)]
  0x0000023e33823800 JavaThread "Finalizer" daemon [_thread_blocked, id=3440, stack(0x000000bbe7d00000,0x000000bbe7e00000)]
  0x0000023e33818800 JavaThread "Reference Handler" daemon [_thread_blocked, id=5616, stack(0x000000bbe7c00000,0x000000bbe7d00000)]
  0x0000023e0fb81000 JavaThread "main" [_thread_blocked, id=11480, stack(0x000000bbe6600000,0x000000bbe6700000)]

Other Threads:
=>0x0000023e33816800 VMThread "VM Thread" [stack: 0x000000bbe7b00000,0x000000bbe7c00000] [id=7624]
  0x0000023e33c90800 WatcherThread [stack: 0x000000bbe8b00000,0x000000bbe8c00000] [id=6840]
  0x0000023e0fb99000 GCTaskThread "GC Thread#0" [stack: 0x000000bbe6700000,0x000000bbe6800000] [id=7620]
  0x0000023e0fb9a800 GCTaskThread "GC Thread#1" [stack: 0x000000bbe6800000,0x000000bbe6900000] [id=11916]
  0x0000023e0fb9c000 GCTaskThread "GC Thread#2" [stack: 0x000000bbe6900000,0x000000bbe6a00000] [id=10004]
  0x0000023e0fb9f800 GCTaskThread "GC Thread#3" [stack: 0x000000bbe6a00000,0x000000bbe6b00000] [id=8476]
  0x0000023e0fba4800 GCTaskThread "GC Thread#4" [stack: 0x000000bbe6b00000,0x000000bbe6c00000] [id=944]
  0x0000023e0fbab800 GCTaskThread "GC Thread#5" [stack: 0x000000bbe6c00000,0x000000bbe6d00000] [id=11400]
  0x0000023e0fbad000 GCTaskThread "GC Thread#6" [stack: 0x000000bbe6d00000,0x000000bbe6e00000] [id=11464]
  0x0000023e0fbac000 GCTaskThread "GC Thread#7" [stack: 0x000000bbe6e00000,0x000000bbe6f00000] [id=11856]
  0x0000023e0fc0b000 ConcurrentGCThread "G1 Main Marker" [stack: 0x000000bbe7800000,0x000000bbe7900000] [id=9116]
  0x0000023e0fba9000 ConcurrentGCThread "G1 Marker#0" [stack: 0x000000bbe7900000,0x000000bbe7a00000] [id=3880]
  0x0000023e0fbad800 ConcurrentGCThread "G1 Marker#1" [stack: 0x000000bbe7a00000,0x000000bbe7b00000] [id=5240]
  0x0000023e0fbbd800 ConcurrentGCThread "G1 Refine#0" [stack: 0x000000bbe7600000,0x000000bbe7700000] [id=11404]
  0x0000023e0fbc2000 ConcurrentGCThread "G1 Refine#1" [stack: 0x000000bbe7500000,0x000000bbe7600000] [id=8296]
  0x0000023e0fbc1000 ConcurrentGCThread "G1 Refine#2" [stack: 0x000000bbe7400000,0x000000bbe7500000] [id=6052]
  0x0000023e0fbc0000 ConcurrentGCThread "G1 Refine#3" [stack: 0x000000bbe7300000,0x000000bbe7400000] [id=1156]
  0x0000023e0fbbf800 ConcurrentGCThread "G1 Refine#4" [stack: 0x000000bbe7200000,0x000000bbe7300000] [id=7692]
  0x0000023e0fbc4000 ConcurrentGCThread "G1 Refine#5" [stack: 0x000000bbe7100000,0x000000bbe7200000] [id=224]
  0x0000023e0fbc5000 ConcurrentGCThread "G1 Refine#6" [stack: 0x000000bbe7000000,0x000000bbe7100000] [id=3008]
  0x0000023e0fbbd000 ConcurrentGCThread "G1 Refine#7" [stack: 0x000000bbe6f00000,0x000000bbe7000000] [id=4496]
  0x0000023e0fbd5000 ConcurrentGCThread "G1 Young RemSet Sampling" [stack: 0x000000bbe7700000,0x000000bbe7800000] [id=9540]

Threads with active compile tasks:

VM state:at safepoint (normal execution)

VM Mutex/Monitor currently owned by a thread:  ([mutex/lock_event])
[0x0000023e0fb7f880] Threads_lock - owner thread: 0x0000023e33816800

Heap address: 0x0000000081a00000, size: 2022 MB, Compressed Oops mode: 32-bit
Narrow klass base: 0x0000000000000000, Narrow klass shift: 3
Compressed class space size: 1073741824 Address: 0x0000000100000000

Heap:
 garbage-first heap   total 131072K, used 11264K [0x0000000081a00000, 0x0000000081b00400, 0x0000000100000000)
  region size 1024K, 12 young (12288K), 0 survivors (0K)
 Metaspace       used 10159K, capacity 10864K, committed 11008K, reserved 1058816K
  class space    used 1055K, capacity 1220K, committed 1280K, reserved 1048576K
Heap Regions: E=young(eden), S=young(survivor), O=old, HS=humongous(starts), HC=humongous(continues), CS=collection set, F=free, A=archive, TS=gc time stamp, AC=allocation context, TAMS=top-at-mark-start (previous, next)
|   0|0x0000000081a00000, 0x0000000081a00000, 0x0000000081b00000|  0%| F|  |TS  0|AC  0|TAMS 0x0000000081a00000, 0x0000000081a00000|
|   1|0x0000000081b00000, 0x0000000081b00000, 0x0000000081c00000|  0%| F|  |TS  0|AC  0|TAMS 0x0000000081b00000, 0x0000000081b00000|
|   2|0x0000000081c00000, 0x0000000081c00000, 0x0000000081d00000|  0%| F|  |TS  0|AC  0|TAMS 0x0000000081c00000, 0x0000000081c00000|
|   3|0x0000000081d00000, 0x0000000081d00000, 0x0000000081e00000|  0%| F|  |TS  0|AC  0|TAMS 0x0000000081d00000, 0x0000000081d00000|
|   4|0x0000000081e00000, 0x0000000081e00000, 0x0000000081f00000|  0%| F|  |TS  0|AC  0|TAMS 0x0000000081e00000, 0x0000000081e00000|
|   5|0x0000000081f00000, 0x0000000081f00000, 0x0000000082000000|  0%| F|  |TS  0|AC  0|TAMS 0x0000000081f00000, 0x0000000081f00000|
|   6|0x0000000082000000, 0x0000000082000000, 0x0000000082100000|  0%| F|  |TS  0|AC  0|TAMS 0x0000000082000000, 0x0000000082000000|
|   7|0x0000000082100000, 0x0000000082100000, 0x0000000082200000|  0%| F|  |TS  0|AC  0|TAMS 0x0000000082100000, 0x0000000082100000|
|   8|0x0000000082200000, 0x0000000082200000, 0x0000000082300000|  0%| F|  |TS  0|AC  0|TAMS 0x0000000082200000, 0x0000000082200000|
|   9|0x0000000082300000, 0x0000000082300000, 0x0000000082400000|  0%| F|  |TS  0|AC  0|TAMS 0x0000000082300000, 0x0000000082300000|
|  10|0x0000000082400000, 0x0000000082400000, 0x0000000082500000|  0%| F|  |TS  0|AC  0|TAMS 0x0000000082400000, 0x0000000082400000|
|  11|0x0000000082500000, 0x0000000082500000, 0x0000000082600000|  0%| F|  |TS  0|AC  0|TAMS 0x0000000082500000, 0x0000000082500000|
|  12|0x0000000082600000, 0x0000000082600000, 0x0000000082700000|  0%| F|  |TS  0|AC  0|TAMS 0x0000000082600000, 0x0000000082600000|
|  13|0x0000000082700000, 0x0000000082700000, 0x0000000082800000|  0%| F|  |TS  0|AC  0|TAMS 0x0000000082700000, 0x0000000082700000|
|  14|0x0000000082800000, 0x0000000082800000, 0x0000000082900000|  0%| F|  |TS  0|AC  0|TAMS 0x0000000082800000, 0x0000000082800000|
|  15|0x0000000082900000, 0x0000000082900000, 0x0000000082a00000|  0%| F|  |TS  0|AC  0|TAMS 0x0000000082900000, 0x0000000082900000|
|  16|0x0000000082a00000, 0x0000000082a00000, 0x0000000082b00000|  0%| F|  |TS  0|AC  0|TAMS 0x0000000082a00000, 0x0000000082a00000|
|  17|0x0000000082b00000, 0x0000000082b00000, 0x0000000082c00000|  0%| F|  |TS  0|AC  0|TAMS 0x0000000082b00000, 0x0000000082b00000|
|  18|0x0000000082c00000, 0x0000000082c00000, 0x0000000082d00000|  0%| F|  |TS  0|AC  0|TAMS 0x0000000082c00000, 0x0000000082c00000|
|  19|0x0000000082d00000, 0x0000000082d00000, 0x0000000082e00000|  0%| F|  |TS  0|AC  0|TAMS 0x0000000082d00000, 0x0000000082d00000|
|  20|0x0000000082e00000, 0x0000000082e00000, 0x0000000082f00000|  0%| F|  |TS  0|AC  0|TAMS 0x0000000082e00000, 0x0000000082e00000|
|  21|0x0000000082f00000, 0x0000000082f00000, 0x0000000083000000|  0%| F|  |TS  0|AC  0|TAMS 0x0000000082f00000, 0x0000000082f00000|
|  22|0x0000000083000000, 0x0000000083000000, 0x0000000083100000|  0%| F|  |TS  0|AC  0|TAMS 0x0000000083000000, 0x0000000083000000|
|  23|0x0000000083100000, 0x0000000083100000, 0x0000000083200000|  0%| F|  |TS  0|AC  0|TAMS 0x0000000083100000, 0x0000000083100000|
|  24|0x0000000083200000, 0x0000000083200000, 0x0000000083300000|  0%| F|  |TS  0|AC  0|TAMS 0x0000000083200000, 0x0000000083200000|
|  25|0x0000000083300000, 0x0000000083300000, 0x0000000083400000|  0%| F|  |TS  0|AC  0|TAMS 0x0000000083300000, 0x0000000083300000|
|  26|0x0000000083400000, 0x0000000083400000, 0x0000000083500000|  0%| F|  |TS  0|AC  0|TAMS 0x0000000083400000, 0x0000000083400000|
|  27|0x0000000083500000, 0x0000000083500000, 0x0000000083600000|  0%| F|  |TS  0|AC  0|TAMS 0x0000000083500000, 0x0000000083500000|
|  28|0x0000000083600000, 0x0000000083600000, 0x0000000083700000|  0%| F|  |TS  0|AC  0|TAMS 0x0000000083600000, 0x0000000083600000|
|  29|0x0000000083700000, 0x0000000083700000, 0x0000000083800000|  0%| F|  |TS  0|AC  0|TAMS 0x0000000083700000, 0x0000000083700000|
|  30|0x0000000083800000, 0x0000000083800000, 0x0000000083900000|  0%| F|  |TS  0|AC  0|TAMS 0x0000000083800000, 0x0000000083800000|
|  31|0x0000000083900000, 0x0000000083900000, 0x0000000083a00000|  0%| F|  |TS  0|AC  0|TAMS 0x0000000083900000, 0x0000000083900000|
|  32|0x0000000083a00000, 0x0000000083a00000, 0x0000000083b00000|  0%| F|  |TS  0|AC  0|TAMS 0x0000000083a00000, 0x0000000083a00000|
|  33|0x0000000083b00000, 0x0000000083b00000, 0x0000000083c00000|  0%| F|  |TS  0|AC  0|TAMS 0x0000000083b00000, 0x0000000083b00000|
|  34|0x0000000083c00000, 0x0000000083c00000, 0x0000000083d00000|  0%| F|  |TS  0|AC  0|TAMS 0x0000000083c00000, 0x0000000083c00000|
|  35|0x0000000083d00000, 0x0000000083d00000, 0x0000000083e00000|  0%| F|  |TS  0|AC  0|TAMS 0x0000000083d00000, 0x0000000083d00000|
|  36|0x0000000083e00000, 0x0000000083e00000, 0x0000000083f00000|  0%| F|  |TS  0|AC  0|TAMS 0x0000000083e00000, 0x0000000083e00000|
|  37|0x0000000083f00000, 0x0000000083f00000, 0x0000000084000000|  0%| F|  |TS  0|AC  0|TAMS 0x0000000083f00000, 0x0000000083f00000|
|  38|0x0000000084000000, 0x0000000084000000, 0x0000000084100000|  0%| F|  |TS  0|AC  0|TAMS 0x0000000084000000, 0x0000000084000000|
|  39|0x0000000084100000, 0x0000000084100000, 0x0000000084200000|  0%| F|  |TS  0|AC  0|TAMS 0x0000000084100000, 0x0000000084100000|
|  40|0x0000000084200000, 0x0000000084200000, 0x0000000084300000|  0%| F|  |TS  0|AC  0|TAMS 0x0000000084200000, 0x0000000084200000|
|  41|0x0000000084300000, 0x0000000084300000, 0x0000000084400000|  0%| F|  |TS  0|AC  0|TAMS 0x0000000084300000, 0x0000000084300000|
|  42|0x0000000084400000, 0x0000000084400000, 0x0000000084500000|  0%| F|  |TS  0|AC  0|TAMS 0x0000000084400000, 0x0000000084400000|
|  43|0x0000000084500000, 0x0000000084500000, 0x0000000084600000|  0%| F|  |TS  0|AC  0|TAMS 0x0000000084500000, 0x0000000084500000|
|  44|0x0000000084600000, 0x0000000084600000, 0x0000000084700000|  0%| F|  |TS  0|AC  0|TAMS 0x0000000084600000, 0x0000000084600000|
|  45|0x0000000084700000, 0x0000000084700000, 0x0000000084800000|  0%| F|  |TS  0|AC  0|TAMS 0x0000000084700000, 0x0000000084700000|
|  46|0x0000000084800000, 0x0000000084800000, 0x0000000084900000|  0%| F|  |TS  0|AC  0|TAMS 0x0000000084800000, 0x0000000084800000|
|  47|0x0000000084900000, 0x0000000084900000, 0x0000000084a00000|  0%| F|  |TS  0|AC  0|TAMS 0x0000000084900000, 0x0000000084900000|
|  48|0x0000000084a00000, 0x0000000084a00000, 0x0000000084b00000|  0%| F|  |TS  0|AC  0|TAMS 0x0000000084a00000, 0x0000000084a00000|
|  49|0x0000000084b00000, 0x0000000084b00000, 0x0000000084c00000|  0%| F|  |TS  0|AC  0|TAMS 0x0000000084b00000, 0x0000000084b00000|
|  50|0x0000000084c00000, 0x0000000084c00000, 0x0000000084d00000|  0%| F|  |TS  0|AC  0|TAMS 0x0000000084c00000, 0x0000000084c00000|
|  51|0x0000000084d00000, 0x0000000084d00000, 0x0000000084e00000|  0%| F|  |TS  0|AC  0|TAMS 0x0000000084d00000, 0x0000000084d00000|
|  52|0x0000000084e00000, 0x0000000084e00000, 0x0000000084f00000|  0%| F|  |TS  0|AC  0|TAMS 0x0000000084e00000, 0x0000000084e00000|
|  53|0x0000000084f00000, 0x0000000084f00000, 0x0000000085000000|  0%| F|  |TS  0|AC  0|TAMS 0x0000000084f00000, 0x0000000084f00000|
|  54|0x0000000085000000, 0x0000000085000000, 0x0000000085100000|  0%| F|  |TS  0|AC  0|TAMS 0x0000000085000000, 0x0000000085000000|
|  55|0x0000000085100000, 0x0000000085100000, 0x0000000085200000|  0%| F|  |TS  0|AC  0|TAMS 0x0000000085100000, 0x0000000085100000|
|  56|0x0000000085200000, 0x0000000085200000, 0x0000000085300000|  0%| F|  |TS  0|AC  0|TAMS 0x0000000085200000, 0x0000000085200000|
|  57|0x0000000085300000, 0x0000000085300000, 0x0000000085400000|  0%| F|  |TS  0|AC  0|TAMS 0x0000000085300000, 0x0000000085300000|
|  58|0x0000000085400000, 0x0000000085400000, 0x0000000085500000|  0%| F|  |TS  0|AC  0|TAMS 0x0000000085400000, 0x0000000085400000|
|  59|0x0000000085500000, 0x0000000085500000, 0x0000000085600000|  0%| F|  |TS  0|AC  0|TAMS 0x0000000085500000, 0x0000000085500000|
|  60|0x0000000085600000, 0x0000000085600000, 0x0000000085700000|  0%| F|  |TS  0|AC  0|TAMS 0x0000000085600000, 0x0000000085600000|
|  61|0x0000000085700000, 0x0000000085700000, 0x0000000085800000|  0%| F|  |TS  0|AC  0|TAMS 0x0000000085700000, 0x0000000085700000|
|  62|0x0000000085800000, 0x0000000085800000, 0x0000000085900000|  0%| F|  |TS  0|AC  0|TAMS 0x0000000085800000, 0x0000000085800000|
|  63|0x0000000085900000, 0x0000000085900000, 0x0000000085a00000|  0%| F|  |TS  0|AC  0|TAMS 0x0000000085900000, 0x0000000085900000|
|  64|0x0000000085a00000, 0x0000000085a00000, 0x0000000085b00000|  0%| F|  |TS  0|AC  0|TAMS 0x0000000085a00000, 0x0000000085a00000|
|  65|0x0000000085b00000, 0x0000000085b00000, 0x0000000085c00000|  0%| F|  |TS  0|AC  0|TAMS 0x0000000085b00000, 0x0000000085b00000|
|  66|0x0000000085c00000, 0x0000000085c00000, 0x0000000085d00000|  0%| F|  |TS  0|AC  0|TAMS 0x0000000085c00000, 0x0000000085c00000|
|  67|0x0000000085d00000, 0x0000000085d00000, 0x0000000085e00000|  0%| F|  |TS  0|AC  0|TAMS 0x0000000085d00000, 0x0000000085d00000|
|  68|0x0000000085e00000, 0x0000000085e00000, 0x0000000085f00000|  0%| F|  |TS  0|AC  0|TAMS 0x0000000085e00000, 0x0000000085e00000|
|  69|0x0000000085f00000, 0x0000000085f00000, 0x0000000086000000|  0%| F|  |TS  0|AC  0|TAMS 0x0000000085f00000, 0x0000000085f00000|
|  70|0x0000000086000000, 0x0000000086000000, 0x0000000086100000|  0%| F|  |TS  0|AC  0|TAMS 0x0000000086000000, 0x0000000086000000|
|  71|0x0000000086100000, 0x0000000086100000, 0x0000000086200000|  0%| F|  |TS  0|AC  0|TAMS 0x0000000086100000, 0x0000000086100000|
|  72|0x0000000086200000, 0x0000000086200000, 0x0000000086300000|  0%| F|  |TS  0|AC  0|TAMS 0x0000000086200000, 0x0000000086200000|
|  73|0x0000000086300000, 0x0000000086300000, 0x0000000086400000|  0%| F|  |TS  0|AC  0|TAMS 0x0000000086300000, 0x0000000086300000|
|  74|0x0000000086400000, 0x0000000086400000, 0x0000000086500000|  0%| F|  |TS  0|AC  0|TAMS 0x0000000086400000, 0x0000000086400000|
|  75|0x0000000086500000, 0x0000000086500000, 0x0000000086600000|  0%| F|  |TS  0|AC  0|TAMS 0x0000000086500000, 0x0000000086500000|
|  76|0x0000000086600000, 0x0000000086600000, 0x0000000086700000|  0%| F|  |TS  0|AC  0|TAMS 0x0000000086600000, 0x0000000086600000|
|  77|0x0000000086700000, 0x0000000086700000, 0x0000000086800000|  0%| F|  |TS  0|AC  0|TAMS 0x0000000086700000, 0x0000000086700000|
|  78|0x0000000086800000, 0x0000000086800000, 0x0000000086900000|  0%| F|  |TS  0|AC  0|TAMS 0x0000000086800000, 0x0000000086800000|
|  79|0x0000000086900000, 0x0000000086900000, 0x0000000086a00000|  0%| F|  |TS  0|AC  0|TAMS 0x0000000086900000, 0x0000000086900000|
|  80|0x0000000086a00000, 0x0000000086a00000, 0x0000000086b00000|  0%| F|  |TS  0|AC  0|TAMS 0x0000000086a00000, 0x0000000086a00000|
|  81|0x0000000086b00000, 0x0000000086b00000, 0x0000000086c00000|  0%| F|  |TS  0|AC  0|TAMS 0x0000000086b00000, 0x0000000086b00000|
|  82|0x0000000086c00000, 0x0000000086c00000, 0x0000000086d00000|  0%| F|  |TS  0|AC  0|TAMS 0x0000000086c00000, 0x0000000086c00000|
|  83|0x0000000086d00000, 0x0000000086d00000, 0x0000000086e00000|  0%| F|  |TS  0|AC  0|TAMS 0x0000000086d00000, 0x0000000086d00000|
|  84|0x0000000086e00000, 0x0000000086e00000, 0x0000000086f00000|  0%| F|  |TS  0|AC  0|TAMS 0x0000000086e00000, 0x0000000086e00000|
|  85|0x0000000086f00000, 0x0000000086f00000, 0x0000000087000000|  0%| F|  |TS  0|AC  0|TAMS 0x0000000086f00000, 0x0000000086f00000|
|  86|0x0000000087000000, 0x0000000087000000, 0x0000000087100000|  0%| F|  |TS  0|AC  0|TAMS 0x0000000087000000, 0x0000000087000000|
|  87|0x0000000087100000, 0x0000000087100000, 0x0000000087200000|  0%| F|  |TS  0|AC  0|TAMS 0x0000000087100000, 0x0000000087100000|
|  88|0x0000000087200000, 0x0000000087200000, 0x0000000087300000|  0%| F|  |TS  0|AC  0|TAMS 0x0000000087200000, 0x0000000087200000|
|  89|0x0000000087300000, 0x0000000087300000, 0x0000000087400000|  0%| F|  |TS  0|AC  0|TAMS 0x0000000087300000, 0x0000000087300000|
|  90|0x0000000087400000, 0x0000000087400000, 0x0000000087500000|  0%| F|  |TS  0|AC  0|TAMS 0x0000000087400000, 0x0000000087400000|
|  91|0x0000000087500000, 0x0000000087500000, 0x0000000087600000|  0%| F|  |TS  0|AC  0|TAMS 0x0000000087500000, 0x0000000087500000|
|  92|0x0000000087600000, 0x0000000087600000, 0x0000000087700000|  0%| F|  |TS  0|AC  0|TAMS 0x0000000087600000, 0x0000000087600000|
|  93|0x0000000087700000, 0x0000000087700000, 0x0000000087800000|  0%| F|  |TS  0|AC  0|TAMS 0x0000000087700000, 0x0000000087700000|
|  94|0x0000000087800000, 0x0000000087800000, 0x0000000087900000|  0%| F|  |TS  0|AC  0|TAMS 0x0000000087800000, 0x0000000087800000|
|  95|0x0000000087900000, 0x0000000087900000, 0x0000000087a00000|  0%| F|  |TS  0|AC  0|TAMS 0x0000000087900000, 0x0000000087900000|
|  96|0x0000000087a00000, 0x0000000087a00000, 0x0000000087b00000|  0%| F|  |TS  0|AC  0|TAMS 0x0000000087a00000, 0x0000000087a00000|
|  97|0x0000000087b00000, 0x0000000087b00000, 0x0000000087c00000|  0%| F|  |TS  0|AC  0|TAMS 0x0000000087b00000, 0x0000000087b00000|
|  98|0x0000000087c00000, 0x0000000087c00000, 0x0000000087d00000|  0%| F|  |TS  0|AC  0|TAMS 0x0000000087c00000, 0x0000000087c00000|
|  99|0x0000000087d00000, 0x0000000087d00000, 0x0000000087e00000|  0%| F|  |TS  0|AC  0|TAMS 0x0000000087d00000, 0x0000000087d00000|
| 100|0x0000000087e00000, 0x0000000087e00000, 0x0000000087f00000|  0%| F|  |TS  0|AC  0|TAMS 0x0000000087e00000, 0x0000000087e00000|
| 101|0x0000000087f00000, 0x0000000087f00000, 0x0000000088000000|  0%| F|  |TS  0|AC  0|TAMS 0x0000000087f00000, 0x0000000087f00000|
| 102|0x0000000088000000, 0x0000000088000000, 0x0000000088100000|  0%| F|  |TS  0|AC  0|TAMS 0x0000000088000000, 0x0000000088000000|
| 103|0x0000000088100000, 0x0000000088100000, 0x0000000088200000|  0%| F|  |TS  0|AC  0|TAMS 0x0000000088100000, 0x0000000088100000|
| 104|0x0000000088200000, 0x0000000088200000, 0x0000000088300000|  0%| F|  |TS  0|AC  0|TAMS 0x0000000088200000, 0x0000000088200000|
| 105|0x0000000088300000, 0x0000000088300000, 0x0000000088400000|  0%| F|  |TS  0|AC  0|TAMS 0x0000000088300000, 0x0000000088300000|
| 106|0x0000000088400000, 0x0000000088400000, 0x0000000088500000|  0%| F|  |TS  0|AC  0|TAMS 0x0000000088400000, 0x0000000088400000|
| 107|0x0000000088500000, 0x0000000088500000, 0x0000000088600000|  0%| F|  |TS  0|AC  0|TAMS 0x0000000088500000, 0x0000000088500000|
| 108|0x0000000088600000, 0x0000000088600000, 0x0000000088700000|  0%| F|  |TS  0|AC  0|TAMS 0x0000000088600000, 0x0000000088600000|
| 109|0x0000000088700000, 0x0000000088700000, 0x0000000088800000|  0%| F|  |TS  0|AC  0|TAMS 0x0000000088700000, 0x0000000088700000|
| 110|0x0000000088800000, 0x0000000088800000, 0x0000000088900000|  0%| F|  |TS  0|AC  0|TAMS 0x0000000088800000, 0x0000000088800000|
| 111|0x0000000088900000, 0x0000000088900000, 0x0000000088a00000|  0%| F|  |TS  0|AC  0|TAMS 0x0000000088900000, 0x0000000088900000|
| 112|0x0000000088a00000, 0x0000000088a00000, 0x0000000088b00000|  0%| F|  |TS  0|AC  0|TAMS 0x0000000088a00000, 0x0000000088a00000|
| 113|0x0000000088b00000, 0x0000000088b00000, 0x0000000088c00000|  0%| F|  |TS  0|AC  0|TAMS 0x0000000088b00000, 0x0000000088b00000|
| 114|0x0000000088c00000, 0x0000000088c00000, 0x0000000088d00000|  0%| F|  |TS  0|AC  0|TAMS 0x0000000088c00000, 0x0000000088c00000|
| 115|0x0000000088d00000, 0x0000000088d00000, 0x0000000088e00000|  0%| F|  |TS  0|AC  0|TAMS 0x0000000088d00000, 0x0000000088d00000|
| 116|0x0000000088e00000, 0x0000000088e7b6a0, 0x0000000088f00000| 48%| E|  |TS  0|AC  0|TAMS 0x0000000088e00000, 0x0000000088e00000|
| 117|0x0000000088f00000, 0x0000000089000000, 0x0000000089000000|100%| E|CS|TS  0|AC  0|TAMS 0x0000000088f00000, 0x0000000088f00000|
| 118|0x0000000089000000, 0x0000000089100000, 0x0000000089100000|100%| E|CS|TS  0|AC  0|TAMS 0x0000000089000000, 0x0000000089000000|
| 119|0x0000000089100000, 0x0000000089200000, 0x0000000089200000|100%| E|CS|TS  0|AC  0|TAMS 0x0000000089100000, 0x0000000089100000|
| 120|0x0000000089200000, 0x0000000089300000, 0x0000000089300000|100%| E|CS|TS  0|AC  0|TAMS 0x0000000089200000, 0x0000000089200000|
| 121|0x0000000089300000, 0x0000000089400000, 0x0000000089400000|100%| E|CS|TS  0|AC  0|TAMS 0x0000000089300000, 0x0000000089300000|
| 122|0x0000000089400000, 0x0000000089500000, 0x0000000089500000|100%| E|CS|TS  0|AC  0|TAMS 0x0000000089400000, 0x0000000089400000|
| 123|0x0000000089500000, 0x0000000089600000, 0x0000000089600000|100%| E|CS|TS  0|AC  0|TAMS 0x0000000089500000, 0x0000000089500000|
| 124|0x0000000089600000, 0x0000000089700000, 0x0000000089700000|100%| E|CS|TS  0|AC  0|TAMS 0x0000000089600000, 0x0000000089600000|
| 125|0x0000000089700000, 0x0000000089800000, 0x0000000089800000|100%| E|CS|TS  0|AC  0|TAMS 0x0000000089700000, 0x0000000089700000|
| 126|0x0000000089800000, 0x0000000089900000, 0x0000000089900000|100%| E|CS|TS  0|AC  0|TAMS 0x0000000089800000, 0x0000000089800000|
| 127|0x0000000089900000, 0x0000000089a00000, 0x0000000089a00000|100%| E|CS|TS  0|AC  0|TAMS 0x0000000089900000, 0x0000000089900000|

Card table byte_map: [0x0000023e2be50000,0x0000023e2c250000] byte_map_base: 0x0000023e2ba43000

Marking Bits (Prev, Next): (CMBitMap*) 0x0000023e305d4760, (CMBitMap*) 0x0000023e305d4798
 Prev Bits: [0x0000023e2c650000, 0x0000023e2e5e8000)
 Next Bits: [0x0000023e2e5f0000, 0x0000023e30588000)

Polling page: 0x0000023e0da20000

CodeHeap 'non-profiled nmethods': size=120000Kb used=308Kb max_used=308Kb free=119691Kb
 bounds [0x0000023e236c0000, 0x0000023e23930000, 0x0000023e2abf0000]
CodeHeap 'profiled nmethods': size=120000Kb used=1693Kb max_used=1693Kb free=118306Kb
 bounds [0x0000023e1c190000, 0x0000023e1c400000, 0x0000023e236c0000]
CodeHeap 'non-nmethods': size=5760Kb used=1209Kb max_used=1224Kb free=4551Kb
 bounds [0x0000023e1bbf0000, 0x0000023e1be60000, 0x0000023e1c190000]
 total_blobs=1482 nmethods=956 adapters=264
 compilation: enabled

Compilation events (10 events):
Event: 0.982 Thread 0x0000023e33881800 nmethod 952 0x0000023e1c335710 code [0x0000023e1c335920, 0x0000023e1c335fa0]
Event: 0.982 Thread 0x0000023e33881800  953       3       java.util.stream.Sink$ChainedReference::<init> (16 bytes)
Event: 0.983 Thread 0x0000023e33881800 nmethod 953 0x0000023e1c336190 code [0x0000023e1c336360, 0x0000023e1c3366d0]
Event: 0.983 Thread 0x0000023e33881800  954       3       java.util.stream.ReferencePipeline$StatelessOp::<init> (29 bytes)
Event: 0.983 Thread 0x0000023e33881800 nmethod 954 0x0000023e1c336810 code [0x0000023e1c3369c0, 0x0000023e1c336bf0]
Event: 0.983 Thread 0x0000023e33881800  955       3       java.util.stream.Sink$ChainedReference::end (10 bytes)
Event: 0.983 Thread 0x0000023e33881800 nmethod 955 0x0000023e1c336d10 code [0x0000023e1c336ec0, 0x0000023e1c3370f0]
Event: 0.984 Thread 0x0000023e33881800  956       3       java.lang.ref.Reference::reachabilityFence (1 bytes)
Event: 0.985 Thread 0x0000023e33881800 nmethod 956 0x0000023e1c337190 code [0x0000023e1c337340, 0x0000023e1c337478]
Event: 1.008 Thread 0x0000023e3387e800 nmethod 937 0x0000023e2370b290 code [0x0000023e2370b4c0, 0x0000023e2370c790]

GC Heap History (0 events):
No events

Deoptimization events (3 events):
Event: 0.134 Thread 0x0000023e0fb81000 Uncommon trap: reason=range_check action=reinterpret pc=0x0000023e236c5510 method=java.lang.StringLatin1.indexOf([BII)I @ 13 c2
Event: 0.271 Thread 0x0000023e0fb81000 Uncommon trap: reason=unstable_if action=reinterpret pc=0x0000023e236c32fc method=java.lang.String.charAt(I)C @ 4 c2
Event: 0.791 Thread 0x0000023e0fb81000 Uncommon trap: reason=unstable_if action=reinterpret pc=0x0000023e236f3bf0 method=java.util.HashMap.getNode(ILjava/lang/Object;)Ljava/util/HashMap$Node; @ 129 c2

Classes redefined (10 events):
Event: 1326.233 Thread 0x0000023e33816800 redefined class name=pl.kszafran.sda.algo.exercises.Exercises4$SdaLinkedList, count=3
Event: 1326.235 Thread 0x0000023e33816800 redefined class name=pl.kszafran.sda.algo.exercises.Exercises4$SdaLinkedList$Node, count=3
Event: 1396.866 Thread 0x0000023e33816800 redefined class name=pl.kszafran.sda.algo.exercises.Exercises4, count=4
Event: 1396.868 Thread 0x0000023e33816800 redefined class name=pl.kszafran.sda.algo.exercises.Exercises4$SdaList, count=4
Event: 1396.871 Thread 0x0000023e33816800 redefined class name=pl.kszafran.sda.algo.exercises.Exercises4$SdaLinkedList, count=4
Event: 1396.874 Thread 0x0000023e33816800 redefined class name=pl.kszafran.sda.algo.exercises.Exercises4$SdaLinkedList$Node, count=4
Event: 2334.580 Thread 0x0000023e33816800 redefined class name=pl.kszafran.sda.algo.exercises.Exercises4, count=5
Event: 2334.583 Thread 0x0000023e33816800 redefined class name=pl.kszafran.sda.algo.exercises.Exercises4$SdaList, count=5
Event: 2334.586 Thread 0x0000023e33816800 redefined class name=pl.kszafran.sda.algo.exercises.Exercises4$SdaLinkedList, count=5
Event: 2334.590 Thread 0x0000023e33816800 redefined class name=pl.kszafran.sda.algo.exercises.Exercises4$SdaLinkedList$Node, count=5

Internal exceptions (10 events):
Event: 0.765 Thread 0x0000023e0fb81000 Exception <a 'java/lang/NoSuchMethodError'{0x000000008927b820}: java.lang.Object.of([Ljava/lang/Object;)Ljava/util/stream/Stream;> (0x000000008927b820) thrown at [t:/workspace/hotspot/src/share/vm/interpreter/linkResolver.cpp, line 731]
Event: 0.809 Thread 0x0000023e0fb81000 Exception <a 'java/lang/NoSuchMethodError'{0x00000000892fde40}: java.lang.Object.lambda$andThen$1(Ljava/util/function/Function;Ljava/lang/Object;)Ljava/lang/Object;> (0x00000000892fde40) thrown at [t:/workspace/hotspot/src/share/vm/interpreter/linkResolve
Event: 0.836 Thread 0x0000023e0fb81000 Exception <a 'java/lang/NoSuchMethodError'{0x000000008916bd50}: java.lang.invoke.DirectMethodHandle$Holder.invokeVirtual(Ljava/lang/Object;Ljava/lang/Object;Ljava/lang/Object;)I> (0x000000008916bd50) thrown at [t:/workspace/hotspot/src/share/vm/interprete
Event: 0.837 Thread 0x0000023e0fb81000 Exception <a 'java/lang/NoSuchMethodError'{0x0000000089172190}: java.lang.invoke.DirectMethodHandle$Holder.invokeSpecial(Ljava/lang/Object;Ljava/lang/Object;Ljava/lang/Object;Ljava/lang/Object;)V> (0x0000000089172190) thrown at [t:/workspace/hotspot/src/s
Event: 0.839 Thread 0x0000023e0fb81000 Exception <a 'java/lang/NoSuchMethodError'{0x000000008917a6e0}: java.lang.Object.lambda$accept$0(Lorg/junit/platform/engine/TestDescriptor$Visitor;Lorg/junit/platform/engine/TestDescriptor;)V> (0x000000008917a6e0) thrown at [t:/workspace/hotspot/src/share
Event: 0.841 Thread 0x0000023e0fb81000 Exception <a 'java/lang/NoSuchMethodError'{0x0000000089184c40}: java.lang.invoke.DirectMethodHandle$Holder.invokeInterface(Ljava/lang/Object;Ljava/lang/Object;)V> (0x0000000089184c40) thrown at [t:/workspace/hotspot/src/share/vm/interpreter/linkResolver.c
Event: 0.842 Thread 0x0000023e0fb81000 Exception <a 'java/lang/IncompatibleClassChangeError'{0x0000000089187848}: Found class java.lang.Object, but interface was expected> (0x0000000089187848) thrown at [t:/workspace/hotspot/src/share/vm/interpreter/linkResolver.cpp, line 793]
Event: 0.844 Thread 0x0000023e0fb81000 Exception <a 'java/lang/NoSuchMethodError'{0x000000008918cd10}: java.lang.Object.containsTests(Lorg/junit/platform/engine/TestDescriptor;)Z> (0x000000008918cd10) thrown at [t:/workspace/hotspot/src/share/vm/interpreter/linkResolver.cpp, line 731]
Event: 0.912 Thread 0x0000023e0fb81000 Exception <a 'java/lang/NoSuchMethodError'{0x0000000088f24768}: java.lang.Object.lambda$and$0(Ljava/util/function/Predicate;Ljava/lang/Object;)Z> (0x0000000088f24768) thrown at [t:/workspace/hotspot/src/share/vm/interpreter/linkResolver.cpp, line 731]
Event: 0.970 Thread 0x0000023e0fb81000 Exception <a 'java/lang/NoSuchMethodError'{0x0000000088e13a68}: java.lang.invoke.DirectMethodHandle$Holder.invokeInterface(Ljava/lang/Object;Ljava/lang/Object;Ljava/lang/Object;)V> (0x0000000088e13a68) thrown at [t:/workspace/hotspot/src/share/vm/interpre

Events (10 events):
Event: 2334.614 Executing VM operation: ChangeBreakpoints done
Event: 2334.624 Executing VM operation: GetFrameCount
Event: 2334.624 Executing VM operation: GetFrameCount done
Event: 2334.624 Executing VM operation: GetFrameLocation
Event: 2334.624 Executing VM operation: GetFrameLocation done
Event: 2334.625 Executing VM operation: GetFrameLocation
Event: 2334.625 Executing VM operation: GetFrameLocation done
Event: 2334.625 Executing VM operation: GetOrSetLocal
Event: 2334.625 Executing VM operation: GetOrSetLocal done
Event: 2334.625 Executing VM operation: GetOrSetLocal


Dynamic libraries:
0x00007ff7add00000 - 0x00007ff7add3e000 	C:\Program Files\Java\jdk-9.0.4\bin\java.exe
0x00007ff862e10000 - 0x00007ff862ff0000 	C:\WINDOWS\SYSTEM32\ntdll.dll
0x00007ff861d00000 - 0x00007ff861dae000 	C:\WINDOWS\System32\KERNEL32.DLL
0x00007ff85fd60000 - 0x00007ff85ffc6000 	C:\WINDOWS\System32\KERNELBASE.dll
0x00007ff862d20000 - 0x00007ff862dc1000 	C:\WINDOWS\System32\ADVAPI32.dll
0x00007ff8625c0000 - 0x00007ff86265d000 	C:\WINDOWS\System32\msvcrt.dll
0x00007ff860580000 - 0x00007ff8605db000 	C:\WINDOWS\System32\sechost.dll
0x00007ff8602e0000 - 0x00007ff8603ff000 	C:\WINDOWS\System32\RPCRT4.dll
0x00007ff862b00000 - 0x00007ff862c8f000 	C:\WINDOWS\System32\USER32.dll
0x00007ff85ffd0000 - 0x00007ff85fff0000 	C:\WINDOWS\System32\win32u.dll
0x00007ff861f10000 - 0x00007ff861f38000 	C:\WINDOWS\System32\GDI32.dll
0x00007ff860140000 - 0x00007ff8602d3000 	C:\WINDOWS\System32\gdi32full.dll
0x00007ff8600a0000 - 0x00007ff86013b000 	C:\WINDOWS\System32\msvcp_win.dll
0x00007ff85f460000 - 0x00007ff85f556000 	C:\WINDOWS\System32\ucrtbase.dll
0x00007ff84d410000 - 0x00007ff84d679000 	C:\WINDOWS\WinSxS\amd64_microsoft.windows.common-controls_6595b64144ccf1df_6.0.16299.371_none_15c7d1789365a290\COMCTL32.dll
0x00007ff851bd0000 - 0x00007ff851bda000 	C:\WINDOWS\SYSTEM32\VERSION.dll
0x00007ff862660000 - 0x00007ff862968000 	C:\WINDOWS\System32\combase.dll
0x00007ff85f3e0000 - 0x00007ff85f452000 	C:\WINDOWS\System32\bcryptPrimitives.dll
0x00007ff862cf0000 - 0x00007ff862d1d000 	C:\WINDOWS\System32\IMM32.DLL
0x00007ff853ca0000 - 0x00007ff853d8f000 	C:\Program Files\Java\jdk-9.0.4\bin\msvcr120.dll
0x00007ff853fe0000 - 0x00007ff854086000 	C:\Program Files\Java\jdk-9.0.4\bin\msvcp120.dll
0x0000000064110000 - 0x0000000064b35000 	C:\Program Files\Java\jdk-9.0.4\bin\server\jvm.dll
0x00007ff861e60000 - 0x00007ff861e68000 	C:\WINDOWS\System32\PSAPI.DLL
0x00007ff85c1a0000 - 0x00007ff85c1a9000 	C:\WINDOWS\SYSTEM32\WSOCK32.dll
0x00007ff85d4b0000 - 0x00007ff85d4d3000 	C:\WINDOWS\SYSTEM32\WINMM.dll
0x00007ff860400000 - 0x00007ff86046c000 	C:\WINDOWS\System32\WS2_32.dll
0x00007ff85d480000 - 0x00007ff85d4aa000 	C:\WINDOWS\SYSTEM32\winmmbase.dll
0x00007ff85fff0000 - 0x00007ff86003a000 	C:\WINDOWS\System32\cfgmgr32.dll
0x00007ff85bf50000 - 0x00007ff85bf5f000 	C:\Program Files\Java\jdk-9.0.4\bin\verify.dll
0x00007ff854dc0000 - 0x00007ff854de7000 	C:\Program Files\Java\jdk-9.0.4\bin\java.dll
0x00007ff853c60000 - 0x00007ff853c96000 	C:\Program Files\Java\jdk-9.0.4\bin\jdwp.dll
0x00007ff85bd40000 - 0x00007ff85bd56000 	C:\Program Files\Java\jdk-9.0.4\bin\zip.dll
0x00007ff85b7b0000 - 0x00007ff85b7ba000 	C:\Program Files\Java\jdk-9.0.4\bin\jimage.dll
0x00007ff8606c0000 - 0x00007ff861af6000 	C:\WINDOWS\System32\SHELL32.dll
0x00007ff861db0000 - 0x00007ff861e56000 	C:\WINDOWS\System32\shcore.dll
0x00007ff85f560000 - 0x00007ff85fca7000 	C:\WINDOWS\System32\windows.storage.dll
0x00007ff862c90000 - 0x00007ff862ce1000 	C:\WINDOWS\System32\shlwapi.dll
0x00007ff85f1d0000 - 0x00007ff85f1e1000 	C:\WINDOWS\System32\kernel.appcore.dll
0x00007ff85f180000 - 0x00007ff85f1cc000 	C:\WINDOWS\System32\powrprof.dll
0x00007ff85f160000 - 0x00007ff85f17b000 	C:\WINDOWS\System32\profapi.dll
0x00007ff857560000 - 0x00007ff85757a000 	C:\Program Files\Java\jdk-9.0.4\bin\net.dll
0x00007ff85a110000 - 0x00007ff85a1ee000 	C:\WINDOWS\SYSTEM32\WINHTTP.dll
0x00007ff85e990000 - 0x00007ff85e9f6000 	C:\WINDOWS\system32\mswsock.dll
0x00007ff8574d0000 - 0x00007ff8574e1000 	C:\Program Files\Java\jdk-9.0.4\bin\nio.dll
0x00007ff857510000 - 0x00007ff85751a000 	C:\Program Files\Java\jdk-9.0.4\bin\dt_socket.dll
0x00007ff850160000 - 0x00007ff850328000 	C:\WINDOWS\SYSTEM32\dbghelp.dll

VM Arguments:
jvm_args: -agentlib:jdwp=transport=dt_socket,address=127.0.0.1:51579,suspend=y,server=n -ea -Didea.test.cyclic.buffer.size=1048576 -Dfile.encoding=UTF-8 
java_command: com.intellij.rt.execution.junit.JUnitStarter -ideVersion5 -junit5 pl.kszafran.sda.algo.exercises.Exercises4Test,test_get
java_class_path (initial): C:\java\inteliJ_IDEA_full\IntelliJ IDEA 2017.3.5\lib\idea_rt.jar;C:\java\inteliJ_IDEA_full\IntelliJ IDEA 2017.3.5\plugins\junit\lib\junit-rt.jar;C:\java\inteliJ_IDEA_full\IntelliJ IDEA 2017.3.5\plugins\junit\lib\junit5-rt.jar;C:\Users\Krzys\.m2\repository\org\junit\platform\junit-platform-launcher\1.1.0\junit-platform-launcher-1.1.0.jar;C:\Users\Krzys\.m2\repository\org\apiguardian\apiguardian-api\1.0.0\apiguardian-api-1.0.0.jar;C:\Users\Krzys\.m2\repository\org\junit\platform\junit-platform-engine\1.1.0\junit-platform-engine-1.1.0.jar;C:\Users\Krzys\.m2\repository\org\junit\platform\junit-platform-commons\1.1.0\junit-platform-commons-1.1.0.jar;C:\Users\Krzys\.m2\repository\org\opentest4j\opentest4j\1.0.0\opentest4j-1.0.0.jar;C:\Users\Krzys\.m2\repository\org\junit\jupiter\junit-jupiter-engine\5.1.0\junit-jupiter-engine-5.1.0.jar;C:\Users\Krzys\.m2\repository\org\junit\jupiter\junit-jupiter-api\5.1.0\junit-jupiter-api-5.1.0.jar;C:\Projekty_java\obiektowezaj1\programming1\target\test-classes;C:\Projekty_java\obiektowezaj1\programming1\target\classes;C:\Users\Krzys\.m2\repository\com\google\guava\guava\25.0-jre\guava-25.0-jre.jar;C:\Users\Krzys\.m2\repository\com\google\code\findbugs\jsr305\1.3.9\jsr305-1.3.9.jar;C:\Users\Krzys\.m2\repository\org\checkerframework\checker-compat-qual\2.0.0\checker-compat-qual-2.0.0.jar;C:\Users\Krzys\.m2\repository\com\google\errorprone\error_prone_annotations\2.1.3\error_prone_annotations-2.1.3.jar;C:\Users\Krzys\.m2\repository\com\google\j2objc\j2objc-annotations\1.1\j2objc-annotations-1.1.jar;C:\Users\Krzys\.m2\repository\org\codehaus\mojo\animal-sniffer-annotations\1.14\animal-sniffer-annotations-1.14.jar
Launcher Type: SUN_STANDARD

Logging:
Log output configuration:
#0: stdout all=warning uptime,level,tags
#1: stderr all=off uptime,level,tags

Environment Variables:
JAVA_HOME=C:\Program Files\Java\jdk-9.0.4
PATH=C:\ProgramData\Oracle\Java\javapath;C:\WINDOWS\system32;C:\WINDOWS;C:\WINDOWS\System32\Wbem;C:\WINDOWS\System32\WindowsPowerShell\v1.0\;C:\Program Files (x86)\ATI Technologies\ATI.ACE\Core-Static;C:\java\Git\cmd;C:\Users\Krzys\AppData\Local\Microsoft\WindowsApps;C:\Users\Krzys\AppData\Local\GitHubDesktop\bin
USERNAME=Krzys
OS=Windows_NT
PROCESSOR_IDENTIFIER=Intel64 Family 6 Model 58 Stepping 9, GenuineIntel



---------------  S Y S T E M  ---------------

OS: Windows 10 , 64 bit Build 16299 (10.0.16299.15)

CPU:total 8 (initial active 8) (4 cores per cpu, 2 threads per core) family 6 model 58 stepping 9, cmov, cx8, fxsr, mmx, sse, sse2, sse3, ssse3, sse4.1, sse4.2, popcnt, avx, aes, clmul, erms, ht, tsc, tscinvbit, tscinv

Memory: 4k page, physical 8277556k(3896428k free), swap 10505780k(3501956k free)

vm_info: Java HotSpot(TM) 64-Bit Server VM (9.0.4+11) for windows-amd64 JRE (9.0.4+11), built on Dec 20 2017 02:18:54 by "mach5one" with MS VC++ 12.0 (VS2013)

END.
