#
# A fatal error has been detected by the Java Runtime Environment:
#
#  EXCEPTION_ACCESS_VIOLATION (0xc0000005) at pc=0x000000005e692fd3, pid=6264, tid=5068
#
# JRE version: Java(TM) SE Runtime Environment (9.0+11) (build 9.0.4+11)
# Java VM: Java HotSpot(TM) 64-Bit Server VM (9.0.4+11, mixed mode, tiered, compressed oops, g1 gc, windows-amd64)
# Problematic frame:
# V  [jvm.dll+0x2f2fd3]
#
# No core dump will be written. Minidumps are not enabled by default on client versions of Windows
#
# If you would like to submit a bug report, please visit:
#   http://bugreport.java.com/bugreport/crash.jsp
#

---------------  S U M M A R Y ------------

Command Line: -agentlib:jdwp=transport=dt_socket,address=127.0.0.1:53693,suspend=y,server=n -ea -Didea.test.cyclic.buffer.size=1048576 -javaagent:C:\Users\Krzys\.IntelliJIdea2017.3\system\captureAgent\debugger-agent.jar=C:\Users\Krzys\AppData\Local\Temp\capture209.props -Dfile.encoding=UTF-8 com.intellij.rt.execution.junit.JUnitStarter -ideVersion5 -junit5 pl.kszafran.sda.algo.exercises.Exercises2Test,testSelectionSort

Host: Intel(R) Core(TM) i7-3630QM CPU @ 2.40GHz, 8 cores, 7G,  Windows 10 , 64 bit Build 16299 (10.0.16299.15)
Time: Sun Apr 29 15:52:17 2018 ?rodkowoeuropejski czas letni elapsed time: 651 seconds (0d 0h 10m 51s)

---------------  T H R E A D  ---------------

Current thread (0x0000021062af7800):  VMThread "VM Thread" [stack: 0x000000c0d3d00000,0x000000c0d3e00000] [id=5068]

Stack: [0x000000c0d3d00000,0x000000c0d3e00000],  sp=0x000000c0d3dfed20,  free space=1019k
Native frames: (J=compiled Java code, j=interpreted, Vv=VM code, C=native code)
V  [jvm.dll+0x2f2fd3]
V  [jvm.dll+0x2f6a30]
V  [jvm.dll+0x2f6e02]
V  [jvm.dll+0x2f3285]
V  [jvm.dll+0x5784ff]
V  [jvm.dll+0x57880c]
V  [jvm.dll+0x5786b3]
V  [jvm.dll+0x578eac]
V  [jvm.dll+0x5470aa]
V  [jvm.dll+0x465311]
V  [jvm.dll+0x6a366b]
V  [jvm.dll+0x6a1e05]
V  [jvm.dll+0x6a25e1]
V  [jvm.dll+0x6a28cc]
V  [jvm.dll+0x586490]
C  [msvcr120.dll+0x24f7f]
C  [msvcr120.dll+0x25126]
C  [KERNEL32.DLL+0x11fe4]
C  [ntdll.dll+0x6f061]


siginfo: EXCEPTION_ACCESS_VIOLATION (0xc0000005), reading address 0xffffffffffffffff


Register to memory mapping:

RIP=0x000000005e692fd3 jvm.dll
RAX=0x000002103ef9c8d0 is an unknown value
RBX=0x000000c0d3dfef60 is an unknown value
RCX=0x000000c0d3dfefd0 is an unknown value
RDX=0xffffffffffffcb0f is an unknown value
RSP=0x000000c0d3dfed20 is an unknown value
RBP=0x000000c0d3dfed90 is an unknown value
RSI=0x000002103ef9c820 is an unknown value
RDI=0x00000000000000a7 is an unknown value
R8 =0x03ffffffffffff2c is an unknown value
R9 =0x000000000000000f is an unknown value
R10=0x0000021063b29f70 is pointing into metadata
R11=0x0000000100117bd0 is pointing into metadata
R12=0x0000000000000000 is an unknown value
R13=0x0000000000000024 is an unknown value
R14=0x0000000000000000 is an unknown value
R15=0x000000005e692fb0 jvm.dll


Registers:
RAX=0x000002103ef9c8d0, RBX=0x000000c0d3dfef60, RCX=0x000000c0d3dfefd0, RDX=0xffffffffffffcb0f
RSP=0x000000c0d3dfed20, RBP=0x000000c0d3dfed90, RSI=0x000002103ef9c820, RDI=0x00000000000000a7
R8 =0x03ffffffffffff2c, R9 =0x000000000000000f, R10=0x0000021063b29f70, R11=0x0000000100117bd0
R12=0x0000000000000000, R13=0x0000000000000024, R14=0x0000000000000000, R15=0x000000005e692fb0
RIP=0x000000005e692fd3, EFLAGS=0x0000000000010a02

Top of Stack: (sp=0x000000c0d3dfed20)
0x000000c0d3dfed20:   0000000000000000 000000005e69782f
0x000000c0d3dfed30:   000000000000001c 000000005e696a16
0x000000c0d3dfed40:   000000c0d3dfef60 000000005e696a30
0x000000c0d3dfed50:   000000c0d3dfebca 000000c0d3dfef60
0x000000c0d3dfed60:   000000c0d3dfeea0 000000005e4a1ece
0x000000c0d3dfed70:   000002103ef9c830 000000c0d3dfeea0
0x000000c0d3dfed80:   000000c0d3dfede0 000000005e6973f4
0x000000c0d3dfed90:   000002103ef9cc08 0000000000000001
0x000000c0d3dfeda0:   00000000000003d8 00000000000000a7
0x000000c0d3dfedb0:   0000000000000024 000000005e696e02
0x000000c0d3dfedc0:   000000c0d3dfef60 0000000000000001
0x000000c0d3dfedd0:   000002103ef9c820 000002103ef9c820
0x000000c0d3dfede0:   0000021063b2a230 0000021062af7800
0x000000c0d3dfedf0:   0000002700000024 000000a70000002e
0x000000c0d3dfee00:   0000002e00000000 ffffffff000000a7
0x000000c0d3dfee10:   000002103ef9cc08 0000000000000000 

Instructions: (pc=0x000000005e692fd3)
0x000000005e692fb3:   83 ec 20 48 63 d2 48 8b d9 48 83 c1 70 0f b6 c2
0x000000005e692fc3:   4c 8b c2 24 3f 49 c1 e8 06 44 0f b6 c8 48 8b 01
0x000000005e692fd3:   4e 8b 04 c0 4d 0f a3 c8 72 0b 41 b0 01 e8 db f4
0x000000005e692fe3:   df ff ff 43 6c 48 83 c4 20 5b c3 cc cc 48 83 ec 


VM_Operation (0x000000c0d49ff410): GetOrSetLocal, mode: safepoint, requested by thread 0x0000021063002000


---------------  P R O C E S S  ---------------

Java Threads: ( => current thread )
  0x0000021063033800 JavaThread "Service Thread" daemon [_thread_blocked, id=15932, stack(0x000000c0d4c00000,0x000000c0d4d00000)]
  0x000002106300f000 JavaThread "JDWP Command Reader" daemon [_thread_in_native, id=11800, stack(0x000000c0d4b00000,0x000000c0d4c00000)]
  0x000002106300e000 JavaThread "JDWP Event Helper Thread" daemon [_thread_blocked, id=14492, stack(0x000000c0d4a00000,0x000000c0d4b00000)]
  0x0000021063002000 JavaThread "JDWP Transport Listener: dt_socket" daemon [_thread_blocked, id=15452, stack(0x000000c0d4900000,0x000000c0d4a00000)]
  0x0000021062bea800 JavaThread "Common-Cleaner" daemon [_thread_blocked, id=7264, stack(0x000000c0d4800000,0x000000c0d4900000)]
  0x0000021062b83800 JavaThread "Sweeper thread" daemon [_thread_blocked, id=14628, stack(0x000000c0d4700000,0x000000c0d4800000)]
  0x0000021062b72800 JavaThread "C1 CompilerThread3" daemon [_thread_blocked, id=8664, stack(0x000000c0d4600000,0x000000c0d4700000)]
  0x0000021062b64800 JavaThread "C2 CompilerThread2" daemon [_thread_blocked, id=14156, stack(0x000000c0d4500000,0x000000c0d4600000)]
  0x0000021062b64000 JavaThread "C2 CompilerThread1" daemon [_thread_blocked, id=2348, stack(0x000000c0d4400000,0x000000c0d4500000)]
  0x0000021062b63000 JavaThread "C2 CompilerThread0" daemon [_thread_blocked, id=15200, stack(0x000000c0d4300000,0x000000c0d4400000)]
  0x0000021062b5c800 JavaThread "Attach Listener" daemon [_thread_blocked, id=11232, stack(0x000000c0d4200000,0x000000c0d4300000)]
  0x0000021062b5b800 JavaThread "Signal Dispatcher" daemon [_thread_blocked, id=8016, stack(0x000000c0d4100000,0x000000c0d4200000)]
  0x0000021062b0c800 JavaThread "Finalizer" daemon [_thread_blocked, id=13956, stack(0x000000c0d3f00000,0x000000c0d4000000)]
  0x0000021062b04000 JavaThread "Reference Handler" daemon [_thread_blocked, id=9584, stack(0x000000c0d3e00000,0x000000c0d3f00000)]
  0x000002103ef44000 JavaThread "main" [_thread_blocked, id=4568, stack(0x000000c0d2800000,0x000000c0d2900000)]

Other Threads:
=>0x0000021062af7800 VMThread "VM Thread" [stack: 0x000000c0d3d00000,0x000000c0d3e00000] [id=5068]
  0x00000210630b1000 WatcherThread [stack: 0x000000c0d4d00000,0x000000c0d4e00000] [id=15464]
  0x000002103ef5b000 GCTaskThread "GC Thread#0" [stack: 0x000000c0d2900000,0x000000c0d2a00000] [id=14300]
  0x000002103ef5c800 GCTaskThread "GC Thread#1" [stack: 0x000000c0d2a00000,0x000000c0d2b00000] [id=8652]
  0x000002103ef5f800 GCTaskThread "GC Thread#2" [stack: 0x000000c0d2b00000,0x000000c0d2c00000] [id=11476]
  0x000002103ef63800 GCTaskThread "GC Thread#3" [stack: 0x000000c0d2c00000,0x000000c0d2d00000] [id=1324]
  0x000002103ef69800 GCTaskThread "GC Thread#4" [stack: 0x000000c0d2d00000,0x000000c0d2e00000] [id=1784]
  0x000002103ef6c800 GCTaskThread "GC Thread#5" [stack: 0x000000c0d2e00000,0x000000c0d2f00000] [id=12692]
  0x000002103ef6d800 GCTaskThread "GC Thread#6" [stack: 0x000000c0d2f00000,0x000000c0d3000000] [id=13392]
  0x000002103ef6e800 GCTaskThread "GC Thread#7" [stack: 0x000000c0d3000000,0x000000c0d3100000] [id=10172]
  0x000002105f7f5800 ConcurrentGCThread "G1 Main Marker" [stack: 0x000000c0d3a00000,0x000000c0d3b00000] [id=12412]
  0x000002105f7f7000 ConcurrentGCThread "G1 Marker#0" [stack: 0x000000c0d3b00000,0x000000c0d3c00000] [id=11764]
  0x000002105f7f7800 ConcurrentGCThread "G1 Marker#1" [stack: 0x000000c0d3c00000,0x000000c0d3d00000] [id=13512]
  0x000002103ef82800 ConcurrentGCThread "G1 Refine#0" [stack: 0x000000c0d3800000,0x000000c0d3900000] [id=14772]
  0x000002103ef88800 ConcurrentGCThread "G1 Refine#1" [stack: 0x000000c0d3700000,0x000000c0d3800000] [id=15988]
  0x000002103ef84000 ConcurrentGCThread "G1 Refine#2" [stack: 0x000000c0d3600000,0x000000c0d3700000] [id=5284]
  0x000002103ef86800 ConcurrentGCThread "G1 Refine#3" [stack: 0x000000c0d3500000,0x000000c0d3600000] [id=4412]
  0x000002103ef8a000 ConcurrentGCThread "G1 Refine#4" [stack: 0x000000c0d3400000,0x000000c0d3500000] [id=10760]
  0x000002103ef89800 ConcurrentGCThread "G1 Refine#5" [stack: 0x000000c0d3300000,0x000000c0d3400000] [id=8352]
  0x000002103ef75800 ConcurrentGCThread "G1 Refine#6" [stack: 0x000000c0d3200000,0x000000c0d3300000] [id=6500]
  0x000002103ef70800 ConcurrentGCThread "G1 Refine#7" [stack: 0x000000c0d3100000,0x000000c0d3200000] [id=2036]
  0x000002103ef9b000 ConcurrentGCThread "G1 Young RemSet Sampling" [stack: 0x000000c0d3900000,0x000000c0d3a00000] [id=9368]

Threads with active compile tasks:

VM state:at safepoint (normal execution)

VM Mutex/Monitor currently owned by a thread:  ([mutex/lock_event])
[0x000002103ef41e70] Threads_lock - owner thread: 0x0000021062af7800

Heap address: 0x0000000081a00000, size: 2022 MB, Compressed Oops mode: 32-bit
Narrow klass base: 0x0000000000000000, Narrow klass shift: 3
Compressed class space size: 1073741824 Address: 0x0000000100000000

Heap:
 garbage-first heap   total 131072K, used 15360K [0x0000000081a00000, 0x0000000081b00400, 0x0000000100000000)
  region size 1024K, 16 young (16384K), 0 survivors (0K)
 Metaspace       used 10080K, capacity 10884K, committed 11008K, reserved 1058816K
  class space    used 1043K, capacity 1220K, committed 1280K, reserved 1048576K
Heap Regions: E=young(eden), S=young(survivor), O=old, HS=humongous(starts), HC=humongous(continues), CS=collection set, F=free, A=archive, TS=gc time stamp, AC=allocation context, TAMS=top-at-mark-start (previous, next)
|   0|0x0000000081a00000, 0x0000000081a00000, 0x0000000081b00000|  0%| F|  |TS  0|AC  0|TAMS 0x0000000081a00000, 0x0000000081a00000|
|   1|0x0000000081b00000, 0x0000000081b00000, 0x0000000081c00000|  0%| F|  |TS  0|AC  0|TAMS 0x0000000081b00000, 0x0000000081b00000|
|   2|0x0000000081c00000, 0x0000000081c00000, 0x0000000081d00000|  0%| F|  |TS  0|AC  0|TAMS 0x0000000081c00000, 0x0000000081c00000|
|   3|0x0000000081d00000, 0x0000000081d00000, 0x0000000081e00000|  0%| F|  |TS  0|AC  0|TAMS 0x0000000081d00000, 0x0000000081d00000|
|   4|0x0000000081e00000, 0x0000000081e00000, 0x0000000081f00000|  0%| F|  |TS  0|AC  0|TAMS 0x0000000081e00000, 0x0000000081e00000|
|   5|0x0000000081f00000, 0x0000000081f00000, 0x0000000082000000|  0%| F|  |TS  0|AC  0|TAMS 0x0000000081f00000, 0x0000000081f00000|
|   6|0x0000000082000000, 0x0000000082000000, 0x0000000082100000|  0%| F|  |TS  0|AC  0|TAMS 0x0000000082000000, 0x0000000082000000|
|   7|0x0000000082100000, 0x0000000082100000, 0x0000000082200000|  0%| F|  |TS  0|AC  0|TAMS 0x0000000082100000, 0x0000000082100000|
|   8|0x0000000082200000, 0x0000000082200000, 0x0000000082300000|  0%| F|  |TS  0|AC  0|TAMS 0x0000000082200000, 0x0000000082200000|
|   9|0x0000000082300000, 0x0000000082300000, 0x0000000082400000|  0%| F|  |TS  0|AC  0|TAMS 0x0000000082300000, 0x0000000082300000|
|  10|0x0000000082400000, 0x0000000082400000, 0x0000000082500000|  0%| F|  |TS  0|AC  0|TAMS 0x0000000082400000, 0x0000000082400000|
|  11|0x0000000082500000, 0x0000000082500000, 0x0000000082600000|  0%| F|  |TS  0|AC  0|TAMS 0x0000000082500000, 0x0000000082500000|
|  12|0x0000000082600000, 0x0000000082600000, 0x0000000082700000|  0%| F|  |TS  0|AC  0|TAMS 0x0000000082600000, 0x0000000082600000|
|  13|0x0000000082700000, 0x0000000082700000, 0x0000000082800000|  0%| F|  |TS  0|AC  0|TAMS 0x0000000082700000, 0x0000000082700000|
|  14|0x0000000082800000, 0x0000000082800000, 0x0000000082900000|  0%| F|  |TS  0|AC  0|TAMS 0x0000000082800000, 0x0000000082800000|
|  15|0x0000000082900000, 0x0000000082900000, 0x0000000082a00000|  0%| F|  |TS  0|AC  0|TAMS 0x0000000082900000, 0x0000000082900000|
|  16|0x0000000082a00000, 0x0000000082a00000, 0x0000000082b00000|  0%| F|  |TS  0|AC  0|TAMS 0x0000000082a00000, 0x0000000082a00000|
|  17|0x0000000082b00000, 0x0000000082b00000, 0x0000000082c00000|  0%| F|  |TS  0|AC  0|TAMS 0x0000000082b00000, 0x0000000082b00000|
|  18|0x0000000082c00000, 0x0000000082c00000, 0x0000000082d00000|  0%| F|  |TS  0|AC  0|TAMS 0x0000000082c00000, 0x0000000082c00000|
|  19|0x0000000082d00000, 0x0000000082d00000, 0x0000000082e00000|  0%| F|  |TS  0|AC  0|TAMS 0x0000000082d00000, 0x0000000082d00000|
|  20|0x0000000082e00000, 0x0000000082e00000, 0x0000000082f00000|  0%| F|  |TS  0|AC  0|TAMS 0x0000000082e00000, 0x0000000082e00000|
|  21|0x0000000082f00000, 0x0000000082f00000, 0x0000000083000000|  0%| F|  |TS  0|AC  0|TAMS 0x0000000082f00000, 0x0000000082f00000|
|  22|0x0000000083000000, 0x0000000083000000, 0x0000000083100000|  0%| F|  |TS  0|AC  0|TAMS 0x0000000083000000, 0x0000000083000000|
|  23|0x0000000083100000, 0x0000000083100000, 0x0000000083200000|  0%| F|  |TS  0|AC  0|TAMS 0x0000000083100000, 0x0000000083100000|
|  24|0x0000000083200000, 0x0000000083200000, 0x0000000083300000|  0%| F|  |TS  0|AC  0|TAMS 0x0000000083200000, 0x0000000083200000|
|  25|0x0000000083300000, 0x0000000083300000, 0x0000000083400000|  0%| F|  |TS  0|AC  0|TAMS 0x0000000083300000, 0x0000000083300000|
|  26|0x0000000083400000, 0x0000000083400000, 0x0000000083500000|  0%| F|  |TS  0|AC  0|TAMS 0x0000000083400000, 0x0000000083400000|
|  27|0x0000000083500000, 0x0000000083500000, 0x0000000083600000|  0%| F|  |TS  0|AC  0|TAMS 0x0000000083500000, 0x0000000083500000|
|  28|0x0000000083600000, 0x0000000083600000, 0x0000000083700000|  0%| F|  |TS  0|AC  0|TAMS 0x0000000083600000, 0x0000000083600000|
|  29|0x0000000083700000, 0x0000000083700000, 0x0000000083800000|  0%| F|  |TS  0|AC  0|TAMS 0x0000000083700000, 0x0000000083700000|
|  30|0x0000000083800000, 0x0000000083800000, 0x0000000083900000|  0%| F|  |TS  0|AC  0|TAMS 0x0000000083800000, 0x0000000083800000|
|  31|0x0000000083900000, 0x0000000083900000, 0x0000000083a00000|  0%| F|  |TS  0|AC  0|TAMS 0x0000000083900000, 0x0000000083900000|
|  32|0x0000000083a00000, 0x0000000083a00000, 0x0000000083b00000|  0%| F|  |TS  0|AC  0|TAMS 0x0000000083a00000, 0x0000000083a00000|
|  33|0x0000000083b00000, 0x0000000083b00000, 0x0000000083c00000|  0%| F|  |TS  0|AC  0|TAMS 0x0000000083b00000, 0x0000000083b00000|
|  34|0x0000000083c00000, 0x0000000083c00000, 0x0000000083d00000|  0%| F|  |TS  0|AC  0|TAMS 0x0000000083c00000, 0x0000000083c00000|
|  35|0x0000000083d00000, 0x0000000083d00000, 0x0000000083e00000|  0%| F|  |TS  0|AC  0|TAMS 0x0000000083d00000, 0x0000000083d00000|
|  36|0x0000000083e00000, 0x0000000083e00000, 0x0000000083f00000|  0%| F|  |TS  0|AC  0|TAMS 0x0000000083e00000, 0x0000000083e00000|
|  37|0x0000000083f00000, 0x0000000083f00000, 0x0000000084000000|  0%| F|  |TS  0|AC  0|TAMS 0x0000000083f00000, 0x0000000083f00000|
|  38|0x0000000084000000, 0x0000000084000000, 0x0000000084100000|  0%| F|  |TS  0|AC  0|TAMS 0x0000000084000000, 0x0000000084000000|
|  39|0x0000000084100000, 0x0000000084100000, 0x0000000084200000|  0%| F|  |TS  0|AC  0|TAMS 0x0000000084100000, 0x0000000084100000|
|  40|0x0000000084200000, 0x0000000084200000, 0x0000000084300000|  0%| F|  |TS  0|AC  0|TAMS 0x0000000084200000, 0x0000000084200000|
|  41|0x0000000084300000, 0x0000000084300000, 0x0000000084400000|  0%| F|  |TS  0|AC  0|TAMS 0x0000000084300000, 0x0000000084300000|
|  42|0x0000000084400000, 0x0000000084400000, 0x0000000084500000|  0%| F|  |TS  0|AC  0|TAMS 0x0000000084400000, 0x0000000084400000|
|  43|0x0000000084500000, 0x0000000084500000, 0x0000000084600000|  0%| F|  |TS  0|AC  0|TAMS 0x0000000084500000, 0x0000000084500000|
|  44|0x0000000084600000, 0x0000000084600000, 0x0000000084700000|  0%| F|  |TS  0|AC  0|TAMS 0x0000000084600000, 0x0000000084600000|
|  45|0x0000000084700000, 0x0000000084700000, 0x0000000084800000|  0%| F|  |TS  0|AC  0|TAMS 0x0000000084700000, 0x0000000084700000|
|  46|0x0000000084800000, 0x0000000084800000, 0x0000000084900000|  0%| F|  |TS  0|AC  0|TAMS 0x0000000084800000, 0x0000000084800000|
|  47|0x0000000084900000, 0x0000000084900000, 0x0000000084a00000|  0%| F|  |TS  0|AC  0|TAMS 0x0000000084900000, 0x0000000084900000|
|  48|0x0000000084a00000, 0x0000000084a00000, 0x0000000084b00000|  0%| F|  |TS  0|AC  0|TAMS 0x0000000084a00000, 0x0000000084a00000|
|  49|0x0000000084b00000, 0x0000000084b00000, 0x0000000084c00000|  0%| F|  |TS  0|AC  0|TAMS 0x0000000084b00000, 0x0000000084b00000|
|  50|0x0000000084c00000, 0x0000000084c00000, 0x0000000084d00000|  0%| F|  |TS  0|AC  0|TAMS 0x0000000084c00000, 0x0000000084c00000|
|  51|0x0000000084d00000, 0x0000000084d00000, 0x0000000084e00000|  0%| F|  |TS  0|AC  0|TAMS 0x0000000084d00000, 0x0000000084d00000|
|  52|0x0000000084e00000, 0x0000000084e00000, 0x0000000084f00000|  0%| F|  |TS  0|AC  0|TAMS 0x0000000084e00000, 0x0000000084e00000|
|  53|0x0000000084f00000, 0x0000000084f00000, 0x0000000085000000|  0%| F|  |TS  0|AC  0|TAMS 0x0000000084f00000, 0x0000000084f00000|
|  54|0x0000000085000000, 0x0000000085000000, 0x0000000085100000|  0%| F|  |TS  0|AC  0|TAMS 0x0000000085000000, 0x0000000085000000|
|  55|0x0000000085100000, 0x0000000085100000, 0x0000000085200000|  0%| F|  |TS  0|AC  0|TAMS 0x0000000085100000, 0x0000000085100000|
|  56|0x0000000085200000, 0x0000000085200000, 0x0000000085300000|  0%| F|  |TS  0|AC  0|TAMS 0x0000000085200000, 0x0000000085200000|
|  57|0x0000000085300000, 0x0000000085300000, 0x0000000085400000|  0%| F|  |TS  0|AC  0|TAMS 0x0000000085300000, 0x0000000085300000|
|  58|0x0000000085400000, 0x0000000085400000, 0x0000000085500000|  0%| F|  |TS  0|AC  0|TAMS 0x0000000085400000, 0x0000000085400000|
|  59|0x0000000085500000, 0x0000000085500000, 0x0000000085600000|  0%| F|  |TS  0|AC  0|TAMS 0x0000000085500000, 0x0000000085500000|
|  60|0x0000000085600000, 0x0000000085600000, 0x0000000085700000|  0%| F|  |TS  0|AC  0|TAMS 0x0000000085600000, 0x0000000085600000|
|  61|0x0000000085700000, 0x0000000085700000, 0x0000000085800000|  0%| F|  |TS  0|AC  0|TAMS 0x0000000085700000, 0x0000000085700000|
|  62|0x0000000085800000, 0x0000000085800000, 0x0000000085900000|  0%| F|  |TS  0|AC  0|TAMS 0x0000000085800000, 0x0000000085800000|
|  63|0x0000000085900000, 0x0000000085900000, 0x0000000085a00000|  0%| F|  |TS  0|AC  0|TAMS 0x0000000085900000, 0x0000000085900000|
|  64|0x0000000085a00000, 0x0000000085a00000, 0x0000000085b00000|  0%| F|  |TS  0|AC  0|TAMS 0x0000000085a00000, 0x0000000085a00000|
|  65|0x0000000085b00000, 0x0000000085b00000, 0x0000000085c00000|  0%| F|  |TS  0|AC  0|TAMS 0x0000000085b00000, 0x0000000085b00000|
|  66|0x0000000085c00000, 0x0000000085c00000, 0x0000000085d00000|  0%| F|  |TS  0|AC  0|TAMS 0x0000000085c00000, 0x0000000085c00000|
|  67|0x0000000085d00000, 0x0000000085d00000, 0x0000000085e00000|  0%| F|  |TS  0|AC  0|TAMS 0x0000000085d00000, 0x0000000085d00000|
|  68|0x0000000085e00000, 0x0000000085e00000, 0x0000000085f00000|  0%| F|  |TS  0|AC  0|TAMS 0x0000000085e00000, 0x0000000085e00000|
|  69|0x0000000085f00000, 0x0000000085f00000, 0x0000000086000000|  0%| F|  |TS  0|AC  0|TAMS 0x0000000085f00000, 0x0000000085f00000|
|  70|0x0000000086000000, 0x0000000086000000, 0x0000000086100000|  0%| F|  |TS  0|AC  0|TAMS 0x0000000086000000, 0x0000000086000000|
|  71|0x0000000086100000, 0x0000000086100000, 0x0000000086200000|  0%| F|  |TS  0|AC  0|TAMS 0x0000000086100000, 0x0000000086100000|
|  72|0x0000000086200000, 0x0000000086200000, 0x0000000086300000|  0%| F|  |TS  0|AC  0|TAMS 0x0000000086200000, 0x0000000086200000|
|  73|0x0000000086300000, 0x0000000086300000, 0x0000000086400000|  0%| F|  |TS  0|AC  0|TAMS 0x0000000086300000, 0x0000000086300000|
|  74|0x0000000086400000, 0x0000000086400000, 0x0000000086500000|  0%| F|  |TS  0|AC  0|TAMS 0x0000000086400000, 0x0000000086400000|
|  75|0x0000000086500000, 0x0000000086500000, 0x0000000086600000|  0%| F|  |TS  0|AC  0|TAMS 0x0000000086500000, 0x0000000086500000|
|  76|0x0000000086600000, 0x0000000086600000, 0x0000000086700000|  0%| F|  |TS  0|AC  0|TAMS 0x0000000086600000, 0x0000000086600000|
|  77|0x0000000086700000, 0x0000000086700000, 0x0000000086800000|  0%| F|  |TS  0|AC  0|TAMS 0x0000000086700000, 0x0000000086700000|
|  78|0x0000000086800000, 0x0000000086800000, 0x0000000086900000|  0%| F|  |TS  0|AC  0|TAMS 0x0000000086800000, 0x0000000086800000|
|  79|0x0000000086900000, 0x0000000086900000, 0x0000000086a00000|  0%| F|  |TS  0|AC  0|TAMS 0x0000000086900000, 0x0000000086900000|
|  80|0x0000000086a00000, 0x0000000086a00000, 0x0000000086b00000|  0%| F|  |TS  0|AC  0|TAMS 0x0000000086a00000, 0x0000000086a00000|
|  81|0x0000000086b00000, 0x0000000086b00000, 0x0000000086c00000|  0%| F|  |TS  0|AC  0|TAMS 0x0000000086b00000, 0x0000000086b00000|
|  82|0x0000000086c00000, 0x0000000086c00000, 0x0000000086d00000|  0%| F|  |TS  0|AC  0|TAMS 0x0000000086c00000, 0x0000000086c00000|
|  83|0x0000000086d00000, 0x0000000086d00000, 0x0000000086e00000|  0%| F|  |TS  0|AC  0|TAMS 0x0000000086d00000, 0x0000000086d00000|
|  84|0x0000000086e00000, 0x0000000086e00000, 0x0000000086f00000|  0%| F|  |TS  0|AC  0|TAMS 0x0000000086e00000, 0x0000000086e00000|
|  85|0x0000000086f00000, 0x0000000086f00000, 0x0000000087000000|  0%| F|  |TS  0|AC  0|TAMS 0x0000000086f00000, 0x0000000086f00000|
|  86|0x0000000087000000, 0x0000000087000000, 0x0000000087100000|  0%| F|  |TS  0|AC  0|TAMS 0x0000000087000000, 0x0000000087000000|
|  87|0x0000000087100000, 0x0000000087100000, 0x0000000087200000|  0%| F|  |TS  0|AC  0|TAMS 0x0000000087100000, 0x0000000087100000|
|  88|0x0000000087200000, 0x0000000087200000, 0x0000000087300000|  0%| F|  |TS  0|AC  0|TAMS 0x0000000087200000, 0x0000000087200000|
|  89|0x0000000087300000, 0x0000000087300000, 0x0000000087400000|  0%| F|  |TS  0|AC  0|TAMS 0x0000000087300000, 0x0000000087300000|
|  90|0x0000000087400000, 0x0000000087400000, 0x0000000087500000|  0%| F|  |TS  0|AC  0|TAMS 0x0000000087400000, 0x0000000087400000|
|  91|0x0000000087500000, 0x0000000087500000, 0x0000000087600000|  0%| F|  |TS  0|AC  0|TAMS 0x0000000087500000, 0x0000000087500000|
|  92|0x0000000087600000, 0x0000000087600000, 0x0000000087700000|  0%| F|  |TS  0|AC  0|TAMS 0x0000000087600000, 0x0000000087600000|
|  93|0x0000000087700000, 0x0000000087700000, 0x0000000087800000|  0%| F|  |TS  0|AC  0|TAMS 0x0000000087700000, 0x0000000087700000|
|  94|0x0000000087800000, 0x0000000087800000, 0x0000000087900000|  0%| F|  |TS  0|AC  0|TAMS 0x0000000087800000, 0x0000000087800000|
|  95|0x0000000087900000, 0x0000000087900000, 0x0000000087a00000|  0%| F|  |TS  0|AC  0|TAMS 0x0000000087900000, 0x0000000087900000|
|  96|0x0000000087a00000, 0x0000000087a00000, 0x0000000087b00000|  0%| F|  |TS  0|AC  0|TAMS 0x0000000087a00000, 0x0000000087a00000|
|  97|0x0000000087b00000, 0x0000000087b00000, 0x0000000087c00000|  0%| F|  |TS  0|AC  0|TAMS 0x0000000087b00000, 0x0000000087b00000|
|  98|0x0000000087c00000, 0x0000000087c00000, 0x0000000087d00000|  0%| F|  |TS  0|AC  0|TAMS 0x0000000087c00000, 0x0000000087c00000|
|  99|0x0000000087d00000, 0x0000000087d00000, 0x0000000087e00000|  0%| F|  |TS  0|AC  0|TAMS 0x0000000087d00000, 0x0000000087d00000|
| 100|0x0000000087e00000, 0x0000000087e00000, 0x0000000087f00000|  0%| F|  |TS  0|AC  0|TAMS 0x0000000087e00000, 0x0000000087e00000|
| 101|0x0000000087f00000, 0x0000000087f00000, 0x0000000088000000|  0%| F|  |TS  0|AC  0|TAMS 0x0000000087f00000, 0x0000000087f00000|
| 102|0x0000000088000000, 0x0000000088000000, 0x0000000088100000|  0%| F|  |TS  0|AC  0|TAMS 0x0000000088000000, 0x0000000088000000|
| 103|0x0000000088100000, 0x0000000088100000, 0x0000000088200000|  0%| F|  |TS  0|AC  0|TAMS 0x0000000088100000, 0x0000000088100000|
| 104|0x0000000088200000, 0x0000000088200000, 0x0000000088300000|  0%| F|  |TS  0|AC  0|TAMS 0x0000000088200000, 0x0000000088200000|
| 105|0x0000000088300000, 0x0000000088300000, 0x0000000088400000|  0%| F|  |TS  0|AC  0|TAMS 0x0000000088300000, 0x0000000088300000|
| 106|0x0000000088400000, 0x0000000088400000, 0x0000000088500000|  0%| F|  |TS  0|AC  0|TAMS 0x0000000088400000, 0x0000000088400000|
| 107|0x0000000088500000, 0x0000000088500000, 0x0000000088600000|  0%| F|  |TS  0|AC  0|TAMS 0x0000000088500000, 0x0000000088500000|
| 108|0x0000000088600000, 0x0000000088600000, 0x0000000088700000|  0%| F|  |TS  0|AC  0|TAMS 0x0000000088600000, 0x0000000088600000|
| 109|0x0000000088700000, 0x0000000088700000, 0x0000000088800000|  0%| F|  |TS  0|AC  0|TAMS 0x0000000088700000, 0x0000000088700000|
| 110|0x0000000088800000, 0x0000000088800000, 0x0000000088900000|  0%| F|  |TS  0|AC  0|TAMS 0x0000000088800000, 0x0000000088800000|
| 111|0x0000000088900000, 0x0000000088900000, 0x0000000088a00000|  0%| F|  |TS  0|AC  0|TAMS 0x0000000088900000, 0x0000000088900000|
| 112|0x0000000088a00000, 0x0000000088a7b620, 0x0000000088b00000| 48%| E|  |TS  0|AC  0|TAMS 0x0000000088a00000, 0x0000000088a00000|
| 113|0x0000000088b00000, 0x0000000088c00000, 0x0000000088c00000|100%| E|CS|TS  0|AC  0|TAMS 0x0000000088b00000, 0x0000000088b00000|
| 114|0x0000000088c00000, 0x0000000088d00000, 0x0000000088d00000|100%| E|CS|TS  0|AC  0|TAMS 0x0000000088c00000, 0x0000000088c00000|
| 115|0x0000000088d00000, 0x0000000088e00000, 0x0000000088e00000|100%| E|CS|TS  0|AC  0|TAMS 0x0000000088d00000, 0x0000000088d00000|
| 116|0x0000000088e00000, 0x0000000088f00000, 0x0000000088f00000|100%| E|CS|TS  0|AC  0|TAMS 0x0000000088e00000, 0x0000000088e00000|
| 117|0x0000000088f00000, 0x0000000089000000, 0x0000000089000000|100%| E|CS|TS  0|AC  0|TAMS 0x0000000088f00000, 0x0000000088f00000|
| 118|0x0000000089000000, 0x0000000089100000, 0x0000000089100000|100%| E|CS|TS  0|AC  0|TAMS 0x0000000089000000, 0x0000000089000000|
| 119|0x0000000089100000, 0x0000000089200000, 0x0000000089200000|100%| E|CS|TS  0|AC  0|TAMS 0x0000000089100000, 0x0000000089100000|
| 120|0x0000000089200000, 0x0000000089300000, 0x0000000089300000|100%| E|CS|TS  0|AC  0|TAMS 0x0000000089200000, 0x0000000089200000|
| 121|0x0000000089300000, 0x0000000089400000, 0x0000000089400000|100%| E|CS|TS  0|AC  0|TAMS 0x0000000089300000, 0x0000000089300000|
| 122|0x0000000089400000, 0x0000000089500000, 0x0000000089500000|100%| E|CS|TS  0|AC  0|TAMS 0x0000000089400000, 0x0000000089400000|
| 123|0x0000000089500000, 0x0000000089600000, 0x0000000089600000|100%| E|CS|TS  0|AC  0|TAMS 0x0000000089500000, 0x0000000089500000|
| 124|0x0000000089600000, 0x0000000089700000, 0x0000000089700000|100%| E|CS|TS  0|AC  0|TAMS 0x0000000089600000, 0x0000000089600000|
| 125|0x0000000089700000, 0x0000000089800000, 0x0000000089800000|100%| E|CS|TS  0|AC  0|TAMS 0x0000000089700000, 0x0000000089700000|
| 126|0x0000000089800000, 0x0000000089900000, 0x0000000089900000|100%| E|CS|TS  0|AC  0|TAMS 0x0000000089800000, 0x0000000089800000|
| 127|0x0000000089900000, 0x0000000089a00000, 0x0000000089a00000|100%| E|CS|TS  0|AC  0|TAMS 0x0000000089900000, 0x0000000089900000|

Card table byte_map: [0x000002105b0b0000,0x000002105b4b0000] byte_map_base: 0x000002105aca3000

Marking Bits (Prev, Next): (CMBitMap*) 0x000002103effe920, (CMBitMap*) 0x000002103effe958
 Prev Bits: [0x000002105b8b0000, 0x000002105d848000)
 Next Bits: [0x000002105d850000, 0x000002105f7e8000)

Polling page: 0x000002103cd10000

CodeHeap 'non-profiled nmethods': size=120000Kb used=305Kb max_used=305Kb free=119694Kb
 bounds [0x0000021052a00000, 0x0000021052c70000, 0x0000021059f30000]
CodeHeap 'profiled nmethods': size=120000Kb used=1655Kb max_used=1655Kb free=118344Kb
 bounds [0x000002104b4d0000, 0x000002104b740000, 0x0000021052a00000]
CodeHeap 'non-nmethods': size=5760Kb used=1206Kb max_used=1231Kb free=4553Kb
 bounds [0x000002104af30000, 0x000002104b1a0000, 0x000002104b4d0000]
 total_blobs=1445 nmethods=923 adapters=269
 compilation: enabled

Compilation events (10 events):
Event: 0.792 Thread 0x0000021062b72800 nmethod 919 0x000002104b66bf90 code [0x000002104b66c160, 0x000002104b66c4d0]
Event: 0.792 Thread 0x0000021062b72800  920       3       java.util.stream.ReferencePipeline$StatelessOp::<init> (29 bytes)
Event: 0.792 Thread 0x0000021062b72800 nmethod 920 0x000002104b66c610 code [0x000002104b66c7c0, 0x000002104b66c9f0]
Event: 0.792 Thread 0x0000021062b72800  921       3       java.util.stream.Sink$ChainedReference::end (10 bytes)
Event: 0.792 Thread 0x0000021062b72800 nmethod 921 0x000002104b66cb10 code [0x000002104b66ccc0, 0x000002104b66cef0]
Event: 0.793 Thread 0x0000021062b72800  922       3       java.lang.ref.Reference::reachabilityFence (1 bytes)
Event: 0.793 Thread 0x0000021062b72800 nmethod 922 0x000002104b66cf90 code [0x000002104b66d140, 0x000002104b66d278]
Event: 0.793 Thread 0x0000021062b72800  923       3       java.util.zip.ZipEntry::<init> (74 bytes)
Event: 0.793 Thread 0x0000021062b72800 nmethod 923 0x000002104b66d310 code [0x000002104b66d520, 0x000002104b66dc00]
Event: 0.803 Thread 0x0000021062b63000 nmethod 891 0x0000021052a4a710 code [0x0000021052a4a940, 0x0000021052a4bc10]

GC Heap History (0 events):
No events

Deoptimization events (3 events):
Event: 0.322 Thread 0x000002103ef44000 Uncommon trap: reason=unstable_if action=reinterpret pc=0x0000021052a02e7c method=java.lang.String.charAt(I)C @ 4 c2
Event: 0.636 Thread 0x000002103ef44000 Uncommon trap: reason=unstable_if action=reinterpret pc=0x0000021052a33854 method=java.util.HashMap.getNode(ILjava/lang/Object;)Ljava/util/HashMap$Node; @ 129 c2
Event: 0.636 Thread 0x000002103ef44000 Uncommon trap: reason=unstable_if action=reinterpret pc=0x0000021052a32e6c method=java.util.HashMap.getNode(ILjava/lang/Object;)Ljava/util/HashMap$Node; @ 129 c2

Classes redefined (3 events):
Event: 3.674 Thread 0x0000021062af7800 redefined class name=pl.kszafran.sda.algo.exercises.sorting.SelectionSort, count=1
Event: 106.205 Thread 0x0000021062af7800 redefined class name=pl.kszafran.sda.algo.exercises.sorting.SelectionSort, count=2
Event: 651.533 Thread 0x0000021062af7800 redefined class name=pl.kszafran.sda.algo.exercises.sorting.SelectionSort, count=3

Internal exceptions (10 events):
Event: 0.620 Thread 0x000002103ef44000 Exception <a 'java/lang/NoSuchMethodError'{0x0000000088fdd368}: java.lang.Object.of([Ljava/lang/Object;)Ljava/util/stream/Stream;> (0x0000000088fdd368) thrown at [t:/workspace/hotspot/src/share/vm/interpreter/linkResolver.cpp, line 731]
Event: 0.648 Thread 0x000002103ef44000 Exception <a 'java/lang/NoSuchMethodError'{0x0000000088e754b8}: java.lang.Object.lambda$andThen$1(Ljava/util/function/Function;Ljava/lang/Object;)Ljava/lang/Object;> (0x0000000088e754b8) thrown at [t:/workspace/hotspot/src/share/vm/interpreter/linkResolve
Event: 0.674 Thread 0x000002103ef44000 Exception <a 'java/lang/NoSuchMethodError'{0x0000000088ef0bd8}: java.lang.invoke.DirectMethodHandle$Holder.invokeVirtual(Ljava/lang/Object;Ljava/lang/Object;Ljava/lang/Object;)I> (0x0000000088ef0bd8) thrown at [t:/workspace/hotspot/src/share/vm/interprete
Event: 0.676 Thread 0x000002103ef44000 Exception <a 'java/lang/NoSuchMethodError'{0x0000000088ef7270}: java.lang.invoke.DirectMethodHandle$Holder.invokeSpecial(Ljava/lang/Object;Ljava/lang/Object;Ljava/lang/Object;Ljava/lang/Object;)V> (0x0000000088ef7270) thrown at [t:/workspace/hotspot/src/s
Event: 0.677 Thread 0x000002103ef44000 Exception <a 'java/lang/NoSuchMethodError'{0x0000000088eff998}: java.lang.Object.lambda$accept$0(Lorg/junit/platform/engine/TestDescriptor$Visitor;Lorg/junit/platform/engine/TestDescriptor;)V> (0x0000000088eff998) thrown at [t:/workspace/hotspot/src/share
Event: 0.678 Thread 0x000002103ef44000 Exception <a 'java/lang/NoSuchMethodError'{0x0000000088d0b108}: java.lang.invoke.DirectMethodHandle$Holder.invokeInterface(Ljava/lang/Object;Ljava/lang/Object;)V> (0x0000000088d0b108) thrown at [t:/workspace/hotspot/src/share/vm/interpreter/linkResolver.c
Event: 0.679 Thread 0x000002103ef44000 Exception <a 'java/lang/IncompatibleClassChangeError'{0x0000000088d0dd10}: Found class java.lang.Object, but interface was expected> (0x0000000088d0dd10) thrown at [t:/workspace/hotspot/src/share/vm/interpreter/linkResolver.cpp, line 793]
Event: 0.681 Thread 0x000002103ef44000 Exception <a 'java/lang/NoSuchMethodError'{0x0000000088d13820}: java.lang.Object.containsTests(Lorg/junit/platform/engine/TestDescriptor;)Z> (0x0000000088d13820) thrown at [t:/workspace/hotspot/src/share/vm/interpreter/linkResolver.cpp, line 731]
Event: 0.740 Thread 0x000002103ef44000 Exception <a 'java/lang/NoSuchMethodError'{0x0000000088cd7f10}: java.lang.Object.lambda$and$0(Ljava/util/function/Predicate;Ljava/lang/Object;)Z> (0x0000000088cd7f10) thrown at [t:/workspace/hotspot/src/share/vm/interpreter/linkResolver.cpp, line 731]
Event: 0.782 Thread 0x000002103ef44000 Exception <a 'java/lang/NoSuchMethodError'{0x0000000088bcf7f0}: java.lang.invoke.DirectMethodHandle$Holder.invokeInterface(Ljava/lang/Object;Ljava/lang/Object;Ljava/lang/Object;)V> (0x0000000088bcf7f0) thrown at [t:/workspace/hotspot/src/share/vm/interpre

Events (10 events):
Event: 651.541 Executing VM operation: ChangeBreakpoints done
Event: 651.543 Executing VM operation: GetFrameCount
Event: 651.543 Executing VM operation: GetFrameCount done
Event: 651.543 Executing VM operation: GetFrameLocation
Event: 651.543 Executing VM operation: GetFrameLocation done
Event: 651.543 Executing VM operation: GetFrameLocation
Event: 651.543 Executing VM operation: GetFrameLocation done
Event: 651.543 Executing VM operation: GetOrSetLocal
Event: 651.543 Executing VM operation: GetOrSetLocal done
Event: 651.544 Executing VM operation: GetOrSetLocal


Dynamic libraries:
0x00007ff7c1430000 - 0x00007ff7c146e000 	C:\Program Files\Java\jdk-9.0.4\bin\java.exe
0x00007ffd2a4f0000 - 0x00007ffd2a6d0000 	C:\WINDOWS\SYSTEM32\ntdll.dll
0x00007ffd27a70000 - 0x00007ffd27b1e000 	C:\WINDOWS\System32\KERNEL32.DLL
0x00007ffd268f0000 - 0x00007ffd26b56000 	C:\WINDOWS\System32\KERNELBASE.dll
0x00007ffd29730000 - 0x00007ffd297d1000 	C:\WINDOWS\System32\ADVAPI32.dll
0x00007ffd29ff0000 - 0x00007ffd2a08d000 	C:\WINDOWS\System32\msvcrt.dll
0x00007ffd296a0000 - 0x00007ffd296fb000 	C:\WINDOWS\System32\sechost.dll
0x00007ffd29e00000 - 0x00007ffd29f1f000 	C:\WINDOWS\System32\RPCRT4.dll
0x00007ffd2a330000 - 0x00007ffd2a4bf000 	C:\WINDOWS\System32\USER32.dll
0x00007ffd27720000 - 0x00007ffd27740000 	C:\WINDOWS\System32\win32u.dll
0x00007ffd29700000 - 0x00007ffd29728000 	C:\WINDOWS\System32\GDI32.dll
0x00007ffd26c60000 - 0x00007ffd26df3000 	C:\WINDOWS\System32\gdi32full.dll
0x00007ffd277f0000 - 0x00007ffd2788b000 	C:\WINDOWS\System32\msvcp_win.dll
0x00007ffd26b60000 - 0x00007ffd26c56000 	C:\WINDOWS\System32\ucrtbase.dll
0x00007ffd12870000 - 0x00007ffd12ad9000 	C:\WINDOWS\WinSxS\amd64_microsoft.windows.common-controls_6595b64144ccf1df_6.0.16299.371_none_15c7d1789365a290\COMCTL32.dll
0x00007ffd1d7f0000 - 0x00007ffd1d7fa000 	C:\WINDOWS\SYSTEM32\VERSION.dll
0x00007ffd29390000 - 0x00007ffd29698000 	C:\WINDOWS\System32\combase.dll
0x00007ffd27890000 - 0x00007ffd27902000 	C:\WINDOWS\System32\bcryptPrimitives.dll
0x00007ffd279c0000 - 0x00007ffd279ed000 	C:\WINDOWS\System32\IMM32.DLL
0x00007ffd00990000 - 0x00007ffd00a7f000 	C:\Program Files\Java\jdk-9.0.4\bin\msvcr120.dll
0x00007ffd00860000 - 0x00007ffd00906000 	C:\Program Files\Java\jdk-9.0.4\bin\msvcp120.dll
0x000000005e3a0000 - 0x000000005edc5000 	C:\Program Files\Java\jdk-9.0.4\bin\server\jvm.dll
0x00007ffd29800000 - 0x00007ffd29808000 	C:\WINDOWS\System32\PSAPI.DLL
0x00007ffd1dbf0000 - 0x00007ffd1dbf9000 	C:\WINDOWS\SYSTEM32\WSOCK32.dll
0x00007ffd19f90000 - 0x00007ffd19fb3000 	C:\WINDOWS\SYSTEM32\WINMM.dll
0x00007ffd29f20000 - 0x00007ffd29f8c000 	C:\WINDOWS\System32\WS2_32.dll
0x00007ffd19f60000 - 0x00007ffd19f8a000 	C:\WINDOWS\SYSTEM32\winmmbase.dll
0x00007ffd277a0000 - 0x00007ffd277ea000 	C:\WINDOWS\System32\cfgmgr32.dll
0x00007ffd227e0000 - 0x00007ffd227ef000 	C:\Program Files\Java\jdk-9.0.4\bin\verify.dll
0x00007ffd198d0000 - 0x00007ffd198f7000 	C:\Program Files\Java\jdk-9.0.4\bin\java.dll
0x00007ffd00020000 - 0x00007ffd00056000 	C:\Program Files\Java\jdk-9.0.4\bin\jdwp.dll
0x00007ffd00370000 - 0x00007ffd0039a000 	C:\Program Files\Java\jdk-9.0.4\bin\instrument.dll
0x00007ffd1c5d0000 - 0x00007ffd1c5e6000 	C:\Program Files\Java\jdk-9.0.4\bin\zip.dll
0x00007ffd22530000 - 0x00007ffd2253a000 	C:\Program Files\Java\jdk-9.0.4\bin\jimage.dll
0x00007ffd27e00000 - 0x00007ffd29236000 	C:\WINDOWS\System32\SHELL32.dll
0x00007ffd27d50000 - 0x00007ffd27df6000 	C:\WINDOWS\System32\shcore.dll
0x00007ffd26e00000 - 0x00007ffd27547000 	C:\WINDOWS\System32\windows.storage.dll
0x00007ffd29f90000 - 0x00007ffd29fe1000 	C:\WINDOWS\System32\shlwapi.dll
0x00007ffd268b0000 - 0x00007ffd268c1000 	C:\WINDOWS\System32\kernel.appcore.dll
0x00007ffd26860000 - 0x00007ffd268ac000 	C:\WINDOWS\System32\powrprof.dll
0x00007ffd26840000 - 0x00007ffd2685b000 	C:\WINDOWS\System32\profapi.dll
0x00007ffd1b600000 - 0x00007ffd1b61a000 	C:\Program Files\Java\jdk-9.0.4\bin\net.dll
0x00007ffd23250000 - 0x00007ffd2332e000 	C:\WINDOWS\SYSTEM32\WINHTTP.dll
0x00007ffd26070000 - 0x00007ffd260d6000 	C:\WINDOWS\system32\mswsock.dll
0x00007ffd17850000 - 0x00007ffd17861000 	C:\Program Files\Java\jdk-9.0.4\bin\nio.dll
0x00007ffd20840000 - 0x00007ffd2084a000 	C:\Program Files\Java\jdk-9.0.4\bin\dt_socket.dll
0x00007ffd22010000 - 0x00007ffd221d8000 	C:\WINDOWS\SYSTEM32\dbghelp.dll

VM Arguments:
jvm_args: -agentlib:jdwp=transport=dt_socket,address=127.0.0.1:53693,suspend=y,server=n -ea -Didea.test.cyclic.buffer.size=1048576 -javaagent:C:\Users\Krzys\.IntelliJIdea2017.3\system\captureAgent\debugger-agent.jar=C:\Users\Krzys\AppData\Local\Temp\capture209.props -Dfile.encoding=UTF-8 
java_command: com.intellij.rt.execution.junit.JUnitStarter -ideVersion5 -junit5 pl.kszafran.sda.algo.exercises.Exercises2Test,testSelectionSort
java_class_path (initial): C:\java\inteliJ_IDEA_full\IntelliJ IDEA 2017.3.5\lib\idea_rt.jar;C:\java\inteliJ_IDEA_full\IntelliJ IDEA 2017.3.5\plugins\junit\lib\junit-rt.jar;C:\java\inteliJ_IDEA_full\IntelliJ IDEA 2017.3.5\plugins\junit\lib\junit5-rt.jar;C:\Users\Krzys\.m2\repository\org\junit\platform\junit-platform-launcher\1.1.0\junit-platform-launcher-1.1.0.jar;C:\Users\Krzys\.m2\repository\org\apiguardian\apiguardian-api\1.0.0\apiguardian-api-1.0.0.jar;C:\Users\Krzys\.m2\repository\org\junit\platform\junit-platform-engine\1.1.0\junit-platform-engine-1.1.0.jar;C:\Users\Krzys\.m2\repository\org\junit\platform\junit-platform-commons\1.1.0\junit-platform-commons-1.1.0.jar;C:\Users\Krzys\.m2\repository\org\opentest4j\opentest4j\1.0.0\opentest4j-1.0.0.jar;C:\Users\Krzys\.m2\repository\org\junit\jupiter\junit-jupiter-engine\5.1.0\junit-jupiter-engine-5.1.0.jar;C:\Users\Krzys\.m2\repository\org\junit\jupiter\junit-jupiter-api\5.1.0\junit-jupiter-api-5.1.0.jar;C:\Projekty_java\obiektowezaj1\programming1\target\test-classes;C:\Projekty_java\obiektowezaj1\programming1\target\classes
Launcher Type: SUN_STANDARD

Logging:
Log output configuration:
#0: stdout all=warning uptime,level,tags
#1: stderr all=off uptime,level,tags

Environment Variables:
JAVA_HOME=C:\Program Files\Java\jdk-9.0.4
PATH=C:\ProgramData\Oracle\Java\javapath;C:\WINDOWS\system32;C:\WINDOWS;C:\WINDOWS\System32\Wbem;C:\WINDOWS\System32\WindowsPowerShell\v1.0\;C:\Program Files (x86)\ATI Technologies\ATI.ACE\Core-Static;C:\java\Git\cmd;C:\Users\Krzys\AppData\Local\Microsoft\WindowsApps;C:\Users\Krzys\AppData\Local\GitHubDesktop\bin
USERNAME=Krzys
OS=Windows_NT
PROCESSOR_IDENTIFIER=Intel64 Family 6 Model 58 Stepping 9, GenuineIntel



---------------  S Y S T E M  ---------------

OS: Windows 10 , 64 bit Build 16299 (10.0.16299.15)

CPU:total 8 (initial active 8) (4 cores per cpu, 2 threads per core) family 6 model 58 stepping 9, cmov, cx8, fxsr, mmx, sse, sse2, sse3, ssse3, sse4.1, sse4.2, popcnt, avx, aes, clmul, erms, ht, tsc, tscinvbit, tscinv

Memory: 4k page, physical 8277556k(3310024k free), swap 10309172k(1584064k free)

vm_info: Java HotSpot(TM) 64-Bit Server VM (9.0.4+11) for windows-amd64 JRE (9.0.4+11), built on Dec 20 2017 02:18:54 by "mach5one" with MS VC++ 12.0 (VS2013)

END.
